18/10/2021 12:19:56 AM ==> Test
18/10/2021 12:19:56 AM ==> 37
18/10/2021 12:19:56 AM ==> 41
18/10/2021 12:19:56 AM ==> 43
18/10/2021 12:19:56 AM ==> 47
18/10/2021 12:19:56 AM ==> 53
18/10/2021 12:19:56 AM ==> 59
18/10/2021 12:19:56 AM ==> 61
18/10/2021 12:19:56 AM ==> 67
18/10/2021 12:19:56 AM ==> 71
18/10/2021 12:19:56 AM ==> 73
18/10/2021 12:19:56 AM ==> 79
18/10/2021 12:19:56 AM ==> 83
18/10/2021 12:19:56 AM ==> 89
18/10/2021 12:19:56 AM ==> 97
18/10/2021 12:19:56 AM ==> 0
18/10/2021 12:19:56 AM ==> 0
18/10/2021 12:19:56 AM ==> 0
18/10/2021 12:19:56 AM ==> 0
18/10/2021 12:19:56 AM ==> 0
18/10/2021 12:19:56 AM ==> 0
18/10/2021 12:19:56 AM ==> 0
18/10/2021 12:19:56 AM ==> 0
18/10/2021 12:19:56 AM ==> 0
18/10/2021 12:19:56 AM ==> 0
18/10/2021 12:19:56 AM ==> 0
18/10/2021 12:21:41 AM ==> Test
18/10/2021 12:21:41 AM ==> The end of the range is smaller than the start
18/10/2021 12:22:41 AM ==> Test
18/10/2021 12:22:41 AM ==> 29
18/10/2021 12:22:41 AM ==> 31
18/10/2021 12:22:41 AM ==> 37
18/10/2021 12:22:41 AM ==> 41
18/10/2021 12:22:41 AM ==> 43
18/10/2021 12:22:41 AM ==> 47
18/10/2021 12:22:41 AM ==> 53
18/10/2021 12:22:41 AM ==> 59
18/10/2021 12:22:41 AM ==> 61
18/10/2021 12:22:41 AM ==> 67
18/10/2021 12:22:41 AM ==> 71
18/10/2021 12:22:41 AM ==> 73
18/10/2021 12:22:41 AM ==> 79
18/10/2021 12:22:41 AM ==> 83
18/10/2021 12:22:41 AM ==> 89
18/10/2021 12:22:41 AM ==> 0
18/10/2021 12:22:41 AM ==> 0
18/10/2021 12:22:41 AM ==> 0
18/10/2021 12:22:41 AM ==> 0
18/10/2021 12:22:41 AM ==> 0
18/10/2021 12:22:41 AM ==> 0
18/10/2021 12:22:41 AM ==> 0
18/10/2021 12:22:41 AM ==> 0
18/10/2021 12:22:41 AM ==> 0
18/10/2021 12:22:41 AM ==> 0
18/10/2021 12:25:41 AM ==> Test
18/10/2021 12:25:41 AM ==> The end of the range is smaller than the start
18/10/2021 12:27:56 AM ==> Test
18/10/2021 12:27:56 AM ==> The end of the range is smaller than the start
18/10/2021 12:31:35 AM ==> Test
18/10/2021 12:31:35 AM ==> 43
18/10/2021 12:31:35 AM ==> 47
18/10/2021 12:31:35 AM ==> 53
18/10/2021 12:31:35 AM ==> 59
18/10/2021 12:31:35 AM ==> 61
18/10/2021 12:31:35 AM ==> 67
18/10/2021 12:31:35 AM ==> 71
18/10/2021 12:31:35 AM ==> 73
18/10/2021 12:31:35 AM ==> 79
18/10/2021 12:31:35 AM ==> 83
18/10/2021 12:31:35 AM ==> 89
18/10/2021 12:31:35 AM ==> 0
18/10/2021 12:31:35 AM ==> 0
18/10/2021 12:31:35 AM ==> 0
18/10/2021 12:31:35 AM ==> 0
18/10/2021 12:31:35 AM ==> 0
18/10/2021 12:31:35 AM ==> 0
18/10/2021 12:31:35 AM ==> 0
18/10/2021 12:31:35 AM ==> 0
18/10/2021 12:31:35 AM ==> 0
18/10/2021 12:31:35 AM ==> 0
18/10/2021 12:31:35 AM ==> 0
18/10/2021 12:31:35 AM ==> 0
18/10/2021 12:31:35 AM ==> 0
18/10/2021 12:31:35 AM ==> 0
18/10/2021 12:44:30 AM ==> Test
18/10/2021 12:44:30 AM ==> The end of the range is smaller than the start
18/10/2021 12:50:12 AM ==> Test
18/10/2021 12:50:12 AM ==> 29
18/10/2021 12:50:12 AM ==> 31
18/10/2021 12:50:12 AM ==> 37
18/10/2021 12:50:12 AM ==> 41
18/10/2021 12:50:12 AM ==> 43
18/10/2021 12:50:12 AM ==> 47
18/10/2021 12:50:12 AM ==> 53
18/10/2021 12:50:12 AM ==> 59
18/10/2021 12:50:12 AM ==> 61
18/10/2021 12:50:12 AM ==> 67
18/10/2021 12:50:12 AM ==> 71
18/10/2021 12:50:12 AM ==> 73
18/10/2021 12:50:12 AM ==> 0
18/10/2021 12:50:12 AM ==> 0
18/10/2021 12:50:12 AM ==> 0
18/10/2021 12:50:12 AM ==> 0
18/10/2021 12:50:12 AM ==> 0
18/10/2021 12:50:12 AM ==> 0
18/10/2021 12:50:12 AM ==> 0
18/10/2021 12:50:12 AM ==> 0
18/10/2021 12:50:12 AM ==> 0
18/10/2021 12:50:12 AM ==> 0
18/10/2021 12:50:12 AM ==> 0
18/10/2021 12:50:12 AM ==> 0
18/10/2021 12:50:12 AM ==> 0
18/10/2021 12:51:58 AM ==> Test
18/10/2021 12:51:58 AM ==> 53
18/10/2021 12:51:58 AM ==> 59
18/10/2021 12:51:58 AM ==> 0
18/10/2021 12:51:58 AM ==> 0
18/10/2021 12:51:58 AM ==> 0
18/10/2021 12:51:58 AM ==> 0
18/10/2021 12:51:58 AM ==> 0
18/10/2021 12:51:58 AM ==> 0
18/10/2021 12:51:58 AM ==> 0
18/10/2021 12:51:58 AM ==> 0
18/10/2021 12:51:58 AM ==> 0
18/10/2021 12:51:58 AM ==> 0
18/10/2021 12:51:58 AM ==> 0
18/10/2021 12:51:58 AM ==> 0
18/10/2021 12:51:58 AM ==> 0
18/10/2021 12:51:58 AM ==> 0
18/10/2021 12:51:58 AM ==> 0
18/10/2021 12:51:58 AM ==> 0
18/10/2021 12:51:58 AM ==> 0
18/10/2021 12:51:58 AM ==> 0
18/10/2021 12:51:58 AM ==> 0
18/10/2021 12:51:58 AM ==> 0
18/10/2021 12:51:58 AM ==> 0
18/10/2021 12:51:58 AM ==> 0
18/10/2021 12:51:58 AM ==> 0
18/10/2021 12:53:23 AM ==> Test
18/10/2021 12:53:23 AM ==> The end of the range is smaller than the start
18/10/2021 12:57:11 AM ==> Test
18/10/2021 1:00:33 AM ==> 0
18/10/2021 1:03:34 AM ==> Test
18/10/2021 1:03:34 AM ==> 11
18/10/2021 1:03:34 AM ==> 13
18/10/2021 1:03:34 AM ==> 17
18/10/2021 1:03:34 AM ==> 19
18/10/2021 1:03:34 AM ==> 23
18/10/2021 1:03:34 AM ==> 29
18/10/2021 1:03:34 AM ==> 31
18/10/2021 1:03:34 AM ==> 37
18/10/2021 1:03:34 AM ==> 41
18/10/2021 1:03:34 AM ==> 43
18/10/2021 1:03:34 AM ==> 47
18/10/2021 1:03:34 AM ==> 53
18/10/2021 1:03:34 AM ==> 59
18/10/2021 1:03:34 AM ==> 61
18/10/2021 1:03:34 AM ==> 67
18/10/2021 1:03:34 AM ==> 71
18/10/2021 1:03:34 AM ==> 73
18/10/2021 1:03:34 AM ==> 79
18/10/2021 1:03:34 AM ==> 0
18/10/2021 1:03:34 AM ==> 0
18/10/2021 1:03:34 AM ==> 0
18/10/2021 1:03:34 AM ==> 0
18/10/2021 1:03:34 AM ==> 0
18/10/2021 1:03:34 AM ==> 0
18/10/2021 1:03:34 AM ==> 0
18/10/2021 1:03:57 AM ==> 0
18/10/2021 1:20:25 AM ==> Test
18/10/2021 1:20:25 AM ==> The end of the range is smaller than the start
18/10/2021 1:26:50 AM ==> Test
18/10/2021 1:26:50 AM ==> The end of the range is smaller than the start
18/10/2021 1:39:27 AM ==> Test
18/10/2021 1:39:27 AM ==> The end of the range is smaller than the start
18/10/2021 1:39:54 AM ==> 0
18/10/2021 1:40:15 AM ==> 0
18/10/2021 1:40:22 AM ==> 0
18/10/2021 1:40:25 AM ==> 0
18/10/2021 2:01:08 AM ==> Test
18/10/2021 2:01:08 AM ==> The end of the range is smaller than the start
18/10/2021 9:09:43 AM ==> Test
18/10/2021 9:09:43 AM ==> 37
18/10/2021 9:09:43 AM ==> 41
18/10/2021 9:09:43 AM ==> 0
18/10/2021 9:09:43 AM ==> 0
18/10/2021 9:09:43 AM ==> 0
18/10/2021 9:09:43 AM ==> 0
18/10/2021 9:09:43 AM ==> 0
18/10/2021 9:09:43 AM ==> 0
18/10/2021 9:09:43 AM ==> 0
18/10/2021 9:09:43 AM ==> 0
18/10/2021 9:09:43 AM ==> 0
18/10/2021 9:09:43 AM ==> 0
18/10/2021 9:09:43 AM ==> 0
18/10/2021 9:09:43 AM ==> 0
18/10/2021 9:09:43 AM ==> 0
18/10/2021 9:09:43 AM ==> 0
18/10/2021 9:09:43 AM ==> 0
18/10/2021 9:09:43 AM ==> 0
18/10/2021 9:09:43 AM ==> 0
18/10/2021 9:09:43 AM ==> 0
18/10/2021 9:09:43 AM ==> 0
18/10/2021 9:09:43 AM ==> 0
18/10/2021 9:09:43 AM ==> 0
18/10/2021 9:09:43 AM ==> 0
18/10/2021 9:09:43 AM ==> 0
18/10/2021 9:10:09 AM ==> 0
18/10/2021 9:10:26 AM ==> 0
18/10/2021 9:14:06 AM ==> Test
18/10/2021 9:14:06 AM ==> 23
18/10/2021 9:14:06 AM ==> 29
18/10/2021 9:14:06 AM ==> 31
18/10/2021 9:14:06 AM ==> 37
18/10/2021 9:14:06 AM ==> 41
18/10/2021 9:14:06 AM ==> 43
18/10/2021 9:14:06 AM ==> 47
18/10/2021 9:14:06 AM ==> 53
18/10/2021 9:14:06 AM ==> 59
18/10/2021 9:14:06 AM ==> 61
18/10/2021 9:14:06 AM ==> 0
18/10/2021 9:14:06 AM ==> 0
18/10/2021 9:14:06 AM ==> 0
18/10/2021 9:14:06 AM ==> 0
18/10/2021 9:14:06 AM ==> 0
18/10/2021 9:14:06 AM ==> 0
18/10/2021 9:14:06 AM ==> 0
18/10/2021 9:14:06 AM ==> 0
18/10/2021 9:14:06 AM ==> 0
18/10/2021 9:14:06 AM ==> 0
18/10/2021 9:14:06 AM ==> 0
18/10/2021 9:14:06 AM ==> 0
18/10/2021 9:14:06 AM ==> 0
18/10/2021 9:14:06 AM ==> 0
18/10/2021 9:14:06 AM ==> 0
18/10/2021 9:19:02 AM ==> Test
18/10/2021 9:19:02 AM ==> The end of the range is smaller than the start
18/10/2021 9:21:40 AM ==> Test
18/10/2021 9:21:40 AM ==> 2
18/10/2021 9:21:40 AM ==> 3
18/10/2021 9:21:40 AM ==> 5
18/10/2021 9:21:40 AM ==> 7
18/10/2021 9:21:40 AM ==> 11
18/10/2021 9:21:40 AM ==> 13
18/10/2021 9:21:40 AM ==> 17
18/10/2021 9:21:40 AM ==> 19
18/10/2021 9:21:40 AM ==> 23
18/10/2021 9:21:40 AM ==> 0
18/10/2021 9:21:40 AM ==> 0
18/10/2021 9:21:40 AM ==> 0
18/10/2021 9:21:40 AM ==> 0
18/10/2021 9:21:40 AM ==> 0
18/10/2021 9:21:40 AM ==> 0
18/10/2021 9:21:40 AM ==> 0
18/10/2021 9:21:40 AM ==> 0
18/10/2021 9:21:40 AM ==> 0
18/10/2021 9:21:40 AM ==> 0
18/10/2021 9:21:40 AM ==> 0
18/10/2021 9:21:40 AM ==> 0
18/10/2021 9:21:40 AM ==> 0
18/10/2021 9:21:40 AM ==> 0
18/10/2021 9:21:40 AM ==> 0
18/10/2021 9:21:40 AM ==> 0
18/10/2021 9:23:18 AM ==> 0
18/10/2021 9:23:22 AM ==> 0
18/10/2021 9:23:28 AM ==> 0
18/10/2021 9:23:34 AM ==> 0
18/10/2021 9:23:43 AM ==> 0
18/10/2021 9:28:55 AM ==> 0
18/10/2021 9:29:09 AM ==> 0
18/10/2021 9:29:11 AM ==> 0
18/10/2021 9:29:17 AM ==> 0
18/10/2021 9:29:20 AM ==> 0
18/10/2021 9:29:34 AM ==> 0
18/10/2021 9:31:49 AM ==> Test
18/10/2021 9:31:49 AM ==> 13
18/10/2021 9:31:49 AM ==> 17
18/10/2021 9:31:49 AM ==> 19
18/10/2021 9:31:49 AM ==> 23
18/10/2021 9:31:49 AM ==> 29
18/10/2021 9:31:49 AM ==> 31
18/10/2021 9:31:49 AM ==> 37
18/10/2021 9:31:49 AM ==> 41
18/10/2021 9:31:49 AM ==> 43
18/10/2021 9:31:49 AM ==> 47
18/10/2021 9:31:49 AM ==> 53
18/10/2021 9:31:49 AM ==> 59
18/10/2021 9:31:49 AM ==> 61
18/10/2021 9:31:49 AM ==> 67
18/10/2021 9:31:49 AM ==> 71
18/10/2021 9:31:49 AM ==> 73
18/10/2021 9:31:49 AM ==> 0
18/10/2021 9:31:49 AM ==> 0
18/10/2021 9:31:49 AM ==> 0
18/10/2021 9:31:49 AM ==> 0
18/10/2021 9:31:49 AM ==> 0
18/10/2021 9:31:49 AM ==> 0
18/10/2021 9:31:49 AM ==> 0
18/10/2021 9:31:49 AM ==> 0
18/10/2021 9:31:49 AM ==> 0
18/10/2021 9:32:02 AM ==> 0
18/10/2021 9:32:10 AM ==> 0
18/10/2021 9:47:16 AM ==> Test
18/10/2021 9:47:16 AM ==> 29
18/10/2021 9:47:16 AM ==> 31
18/10/2021 9:47:16 AM ==> 37
18/10/2021 9:47:16 AM ==> 41
18/10/2021 9:47:16 AM ==> 43
18/10/2021 9:47:16 AM ==> 47
18/10/2021 9:47:16 AM ==> 53
18/10/2021 9:47:16 AM ==> 59
18/10/2021 9:47:16 AM ==> 61
18/10/2021 9:47:16 AM ==> 67
18/10/2021 9:47:16 AM ==> 71
18/10/2021 9:47:16 AM ==> 73
18/10/2021 9:47:16 AM ==> 0
18/10/2021 9:47:16 AM ==> 0
18/10/2021 9:47:16 AM ==> 0
18/10/2021 9:47:16 AM ==> 0
18/10/2021 9:47:16 AM ==> 0
18/10/2021 9:47:16 AM ==> 0
18/10/2021 9:47:16 AM ==> 0
18/10/2021 9:47:16 AM ==> 0
18/10/2021 9:47:16 AM ==> 0
18/10/2021 9:47:16 AM ==> 0
18/10/2021 9:47:16 AM ==> 0
18/10/2021 9:47:16 AM ==> 0
18/10/2021 9:47:16 AM ==> 0
18/10/2021 9:48:23 AM ==> Test
18/10/2021 9:48:23 AM ==> The end of the range is smaller than the start
18/10/2021 9:54:11 AM ==> Test
18/10/2021 9:54:11 AM ==> 2
18/10/2021 9:54:11 AM ==> 3
18/10/2021 9:54:11 AM ==> 5
18/10/2021 9:54:11 AM ==> 7
18/10/2021 9:54:11 AM ==> 11
18/10/2021 9:54:11 AM ==> 13
18/10/2021 9:54:11 AM ==> 17
18/10/2021 9:54:11 AM ==> 19
18/10/2021 9:54:11 AM ==> 23
18/10/2021 9:54:11 AM ==> 29
18/10/2021 9:54:11 AM ==> 31
18/10/2021 9:54:11 AM ==> 37
18/10/2021 9:54:11 AM ==> 41
18/10/2021 9:54:11 AM ==> 43
18/10/2021 9:54:11 AM ==> 47
18/10/2021 9:54:11 AM ==> 53
18/10/2021 9:54:11 AM ==> 59
18/10/2021 9:54:11 AM ==> 61
18/10/2021 9:54:11 AM ==> 67
18/10/2021 9:54:11 AM ==> 71
18/10/2021 9:54:11 AM ==> 73
18/10/2021 9:54:11 AM ==> 79
18/10/2021 9:54:11 AM ==> 83
18/10/2021 9:54:11 AM ==> 89
18/10/2021 9:54:11 AM ==> 0
18/10/2021 10:02:07 AM ==> Test
18/10/2021 10:02:07 AM ==> The end of the range is smaller than the start
18/10/2021 10:03:07 AM ==> 0
18/10/2021 10:03:16 AM ==> 0
18/10/2021 10:03:19 AM ==> 0
18/10/2021 10:16:06 AM ==> Test
18/10/2021 10:16:06 AM ==> 67
18/10/2021 10:16:06 AM ==> 71
18/10/2021 10:16:06 AM ==> 73
18/10/2021 10:16:06 AM ==> 0
18/10/2021 10:16:06 AM ==> 0
18/10/2021 10:16:06 AM ==> 0
18/10/2021 10:16:06 AM ==> 0
18/10/2021 10:16:06 AM ==> 0
18/10/2021 10:16:06 AM ==> 0
18/10/2021 10:16:06 AM ==> 0
18/10/2021 10:16:06 AM ==> 0
18/10/2021 10:16:06 AM ==> 0
18/10/2021 10:16:06 AM ==> 0
18/10/2021 10:16:06 AM ==> 0
18/10/2021 10:16:06 AM ==> 0
18/10/2021 10:16:06 AM ==> 0
18/10/2021 10:16:06 AM ==> 0
18/10/2021 10:16:06 AM ==> 0
18/10/2021 10:16:06 AM ==> 0
18/10/2021 10:16:06 AM ==> 0
18/10/2021 10:16:06 AM ==> 0
18/10/2021 10:16:06 AM ==> 0
18/10/2021 10:16:06 AM ==> 0
18/10/2021 10:16:06 AM ==> 0
18/10/2021 10:16:06 AM ==> 0
18/10/2021 10:18:20 AM ==> Test
18/10/2021 10:18:20 AM ==> The end of the range is smaller than the start
18/10/2021 10:35:14 AM ==> Test
18/10/2021 10:35:14 AM ==> The end of the range is smaller than the start
18/10/2021 10:37:02 AM ==> Test
18/10/2021 10:37:02 AM ==> 29
18/10/2021 10:37:02 AM ==> 31
18/10/2021 10:37:02 AM ==> 37
18/10/2021 10:37:02 AM ==> 41
18/10/2021 10:37:02 AM ==> 43
18/10/2021 10:37:02 AM ==> 47
18/10/2021 10:37:02 AM ==> 53
18/10/2021 10:37:02 AM ==> 59
18/10/2021 10:37:02 AM ==> 61
18/10/2021 10:37:02 AM ==> 67
18/10/2021 10:37:02 AM ==> 71
18/10/2021 10:37:02 AM ==> 73
18/10/2021 10:37:02 AM ==> 79
18/10/2021 10:37:02 AM ==> 0
18/10/2021 10:37:02 AM ==> 0
18/10/2021 10:37:02 AM ==> 0
18/10/2021 10:37:02 AM ==> 0
18/10/2021 10:37:02 AM ==> 0
18/10/2021 10:37:02 AM ==> 0
18/10/2021 10:37:02 AM ==> 0
18/10/2021 10:37:02 AM ==> 0
18/10/2021 10:37:02 AM ==> 0
18/10/2021 10:37:02 AM ==> 0
18/10/2021 10:37:02 AM ==> 0
18/10/2021 10:37:02 AM ==> 0
18/10/2021 10:39:26 AM ==> Test
18/10/2021 10:39:26 AM ==> The end of the range is smaller than the start
18/10/2021 10:59:53 AM ==> Test
18/10/2021 10:59:53 AM ==> 37
18/10/2021 10:59:53 AM ==> 41
18/10/2021 10:59:53 AM ==> 43
18/10/2021 10:59:53 AM ==> 47
18/10/2021 10:59:53 AM ==> 53
18/10/2021 10:59:53 AM ==> 59
18/10/2021 10:59:53 AM ==> 61
18/10/2021 10:59:53 AM ==> 67
18/10/2021 10:59:53 AM ==> 71
18/10/2021 10:59:53 AM ==> 73
18/10/2021 10:59:53 AM ==> 79
18/10/2021 10:59:53 AM ==> 83
18/10/2021 10:59:53 AM ==> 89
18/10/2021 10:59:53 AM ==> 0
18/10/2021 10:59:53 AM ==> 0
18/10/2021 10:59:53 AM ==> 0
18/10/2021 10:59:53 AM ==> 0
18/10/2021 10:59:53 AM ==> 0
18/10/2021 10:59:53 AM ==> 0
18/10/2021 10:59:53 AM ==> 0
18/10/2021 10:59:53 AM ==> 0
18/10/2021 10:59:53 AM ==> 0
18/10/2021 10:59:53 AM ==> 0
18/10/2021 10:59:53 AM ==> 0
18/10/2021 10:59:53 AM ==> 0
18/10/2021 11:00:32 AM ==> 0
18/10/2021 11:00:54 AM ==> 0
18/10/2021 11:01:20 AM ==> 1
18/10/2021 11:22:44 AM ==> Test
18/10/2021 11:22:44 AM ==> 19
18/10/2021 11:22:44 AM ==> 23
18/10/2021 11:22:44 AM ==> 29
18/10/2021 11:22:44 AM ==> 31
18/10/2021 11:22:44 AM ==> 37
18/10/2021 11:22:44 AM ==> 41
18/10/2021 11:22:44 AM ==> 43
18/10/2021 11:22:44 AM ==> 47
18/10/2021 11:22:44 AM ==> 53
18/10/2021 11:22:44 AM ==> 59
18/10/2021 11:22:44 AM ==> 61
18/10/2021 11:22:44 AM ==> 67
18/10/2021 11:22:44 AM ==> 71
18/10/2021 11:22:44 AM ==> 73
18/10/2021 11:22:44 AM ==> 79
18/10/2021 11:22:44 AM ==> 83
18/10/2021 11:22:44 AM ==> 0
18/10/2021 11:22:44 AM ==> 0
18/10/2021 11:22:44 AM ==> 0
18/10/2021 11:22:44 AM ==> 0
18/10/2021 11:22:44 AM ==> 0
18/10/2021 11:22:44 AM ==> 0
18/10/2021 11:22:44 AM ==> 0
18/10/2021 11:22:44 AM ==> 0
18/10/2021 11:22:44 AM ==> 0
18/10/2021 11:24:41 AM ==> Test
18/10/2021 11:24:41 AM ==> The end of the range is smaller than the start
18/10/2021 12:01:00 PM ==> Test
18/10/2021 12:01:00 PM ==> The end of the range is smaller than the start
18/10/2021 12:13:12 PM ==> Test
18/10/2021 12:13:12 PM ==> The end of the range is smaller than the start
18/10/2021 12:26:34 PM ==> Test
18/10/2021 12:26:34 PM ==> 31
18/10/2021 12:26:34 PM ==> 37
18/10/2021 12:26:34 PM ==> 41
18/10/2021 12:26:34 PM ==> 43
18/10/2021 12:26:34 PM ==> 47
18/10/2021 12:26:34 PM ==> 53
18/10/2021 12:26:34 PM ==> 59
18/10/2021 12:26:34 PM ==> 61
18/10/2021 12:26:34 PM ==> 67
18/10/2021 12:26:34 PM ==> 71
18/10/2021 12:26:34 PM ==> 73
18/10/2021 12:26:34 PM ==> 0
18/10/2021 12:26:34 PM ==> 0
18/10/2021 12:26:34 PM ==> 0
18/10/2021 12:26:34 PM ==> 0
18/10/2021 12:26:34 PM ==> 0
18/10/2021 12:26:34 PM ==> 0
18/10/2021 12:26:34 PM ==> 0
18/10/2021 12:26:34 PM ==> 0
18/10/2021 12:26:34 PM ==> 0
18/10/2021 12:26:34 PM ==> 0
18/10/2021 12:26:34 PM ==> 0
18/10/2021 12:26:34 PM ==> 0
18/10/2021 12:26:34 PM ==> 0
18/10/2021 12:26:34 PM ==> 0
18/10/2021 12:29:39 PM ==> Test
18/10/2021 12:29:39 PM ==> 59
18/10/2021 12:29:39 PM ==> 61
18/10/2021 12:29:39 PM ==> 67
18/10/2021 12:29:39 PM ==> 71
18/10/2021 12:29:39 PM ==> 73
18/10/2021 12:29:39 PM ==> 79
18/10/2021 12:29:39 PM ==> 83
18/10/2021 12:29:39 PM ==> 0
18/10/2021 12:29:39 PM ==> 0
18/10/2021 12:29:39 PM ==> 0
18/10/2021 12:29:39 PM ==> 0
18/10/2021 12:29:39 PM ==> 0
18/10/2021 12:29:39 PM ==> 0
18/10/2021 12:29:39 PM ==> 0
18/10/2021 12:29:39 PM ==> 0
18/10/2021 12:29:39 PM ==> 0
18/10/2021 12:29:39 PM ==> 0
18/10/2021 12:29:39 PM ==> 0
18/10/2021 12:29:39 PM ==> 0
18/10/2021 12:29:39 PM ==> 0
18/10/2021 12:29:39 PM ==> 0
18/10/2021 12:29:39 PM ==> 0
18/10/2021 12:29:39 PM ==> 0
18/10/2021 12:29:39 PM ==> 0
18/10/2021 12:29:39 PM ==> 0
18/10/2021 12:37:46 PM ==> Test
18/10/2021 12:37:46 PM ==> 17
18/10/2021 12:37:46 PM ==> 19
18/10/2021 12:37:46 PM ==> 23
18/10/2021 12:37:46 PM ==> 29
18/10/2021 12:37:46 PM ==> 31
18/10/2021 12:37:46 PM ==> 37
18/10/2021 12:37:46 PM ==> 41
18/10/2021 12:37:46 PM ==> 43
18/10/2021 12:37:46 PM ==> 47
18/10/2021 12:37:46 PM ==> 53
18/10/2021 12:37:46 PM ==> 59
18/10/2021 12:37:46 PM ==> 61
18/10/2021 12:37:46 PM ==> 67
18/10/2021 12:37:46 PM ==> 71
18/10/2021 12:37:46 PM ==> 73
18/10/2021 12:37:46 PM ==> 79
18/10/2021 12:37:46 PM ==> 83
18/10/2021 12:37:46 PM ==> 89
18/10/2021 12:37:46 PM ==> 0
18/10/2021 12:37:46 PM ==> 0
18/10/2021 12:37:46 PM ==> 0
18/10/2021 12:37:46 PM ==> 0
18/10/2021 12:37:46 PM ==> 0
18/10/2021 12:37:46 PM ==> 0
18/10/2021 12:37:46 PM ==> 0
18/10/2021 12:38:13 PM ==> 1
18/10/2021 2:03:54 PM ==> Test
18/10/2021 2:03:54 PM ==> 37
18/10/2021 2:03:54 PM ==> 41
18/10/2021 2:03:54 PM ==> 43
18/10/2021 2:03:54 PM ==> 47
18/10/2021 2:03:54 PM ==> 53
18/10/2021 2:03:54 PM ==> 59
18/10/2021 2:03:54 PM ==> 61
18/10/2021 2:03:54 PM ==> 67
18/10/2021 2:03:54 PM ==> 0
18/10/2021 2:03:54 PM ==> 0
18/10/2021 2:03:54 PM ==> 0
18/10/2021 2:03:54 PM ==> 0
18/10/2021 2:03:54 PM ==> 0
18/10/2021 2:03:54 PM ==> 0
18/10/2021 2:03:54 PM ==> 0
18/10/2021 2:03:54 PM ==> 0
18/10/2021 2:03:54 PM ==> 0
18/10/2021 2:03:54 PM ==> 0
18/10/2021 2:03:54 PM ==> 0
18/10/2021 2:03:54 PM ==> 0
18/10/2021 2:03:54 PM ==> 0
18/10/2021 2:03:54 PM ==> 0
18/10/2021 2:03:54 PM ==> 0
18/10/2021 2:03:54 PM ==> 0
18/10/2021 2:03:54 PM ==> 0
18/10/2021 2:07:13 PM ==> Test
18/10/2021 2:07:13 PM ==> 17
18/10/2021 2:07:13 PM ==> 19
18/10/2021 2:07:13 PM ==> 23
18/10/2021 2:07:13 PM ==> 29
18/10/2021 2:07:13 PM ==> 31
18/10/2021 2:07:13 PM ==> 37
18/10/2021 2:07:13 PM ==> 41
18/10/2021 2:07:13 PM ==> 43
18/10/2021 2:07:13 PM ==> 47
18/10/2021 2:07:13 PM ==> 53
18/10/2021 2:07:13 PM ==> 0
18/10/2021 2:07:13 PM ==> 0
18/10/2021 2:07:13 PM ==> 0
18/10/2021 2:07:13 PM ==> 0
18/10/2021 2:07:13 PM ==> 0
18/10/2021 2:07:13 PM ==> 0
18/10/2021 2:07:13 PM ==> 0
18/10/2021 2:07:13 PM ==> 0
18/10/2021 2:07:13 PM ==> 0
18/10/2021 2:07:13 PM ==> 0
18/10/2021 2:07:13 PM ==> 0
18/10/2021 2:07:13 PM ==> 0
18/10/2021 2:07:13 PM ==> 0
18/10/2021 2:07:13 PM ==> 0
18/10/2021 2:07:13 PM ==> 0
18/10/2021 2:07:28 PM ==> 1
18/10/2021 2:27:14 PM ==> 1
18/10/2021 2:27:20 PM ==> 1
