<<<<<<< Updated upstream
2021/9/20 9:48:06 ==> Test
2021/9/20 9:48:06 ==> 5
2021/9/20 9:48:06 ==> 7
2021/9/20 9:48:06 ==> 11
2021/9/20 9:48:06 ==> 13
2021/9/20 9:48:06 ==> 17
2021/9/20 9:48:06 ==> 19
2021/9/20 9:48:06 ==> 23
2021/9/20 9:48:06 ==> 29
2021/9/20 9:48:06 ==> 31
2021/9/20 9:48:06 ==> 37
2021/9/20 9:48:06 ==> 41
2021/9/20 9:48:06 ==> 43
2021/9/20 9:48:06 ==> 47
2021/9/20 9:48:06 ==> 53
2021/9/20 9:48:06 ==> 59
2021/9/20 9:48:06 ==> 61
2021/9/20 9:48:06 ==> 67
2021/9/20 9:48:06 ==> 71
2021/9/20 9:48:06 ==> 73
2021/9/20 9:48:06 ==> 79
2021/9/20 9:48:06 ==> 0
2021/9/20 9:48:06 ==> 0
2021/9/20 9:48:06 ==> 0
2021/9/20 9:48:06 ==> 0
2021/9/20 9:48:06 ==> 0
2021/9/20 9:52:25 ==> Test
2021/9/20 9:52:25 ==> The end of the range is smaller than the start
=======
2021/9/20 0:18:06 ==> Test
2021/9/20 0:18:06 ==> The end of the range is smaller than the start
2021/9/20 9:24:23 ==> Test
2021/9/20 9:24:23 ==> 71
2021/9/20 9:24:23 ==> 73
2021/9/20 9:24:23 ==> 0
2021/9/20 9:24:23 ==> 0
2021/9/20 9:24:23 ==> 0
2021/9/20 9:24:23 ==> 0
2021/9/20 9:24:23 ==> 0
2021/9/20 9:24:23 ==> 0
2021/9/20 9:24:23 ==> 0
2021/9/20 9:24:23 ==> 0
2021/9/20 9:24:23 ==> 0
2021/9/20 9:24:23 ==> 0
2021/9/20 9:24:23 ==> 0
2021/9/20 9:24:23 ==> 0
2021/9/20 9:24:23 ==> 0
2021/9/20 9:24:23 ==> 0
2021/9/20 9:24:23 ==> 0
2021/9/20 9:24:23 ==> 0
2021/9/20 9:24:23 ==> 0
2021/9/20 9:24:23 ==> 0
2021/9/20 9:24:23 ==> 0
2021/9/20 9:24:23 ==> 0
2021/9/20 9:24:23 ==> 0
2021/9/20 9:24:23 ==> 0
2021/9/20 9:24:23 ==> 0
>>>>>>> Stashed changes
