30-10-2020 17:14:16 ==> This is a test to see if his function is working
30-10-2020 17:17:38 ==> This is a test to see if his function is working
30-10-2020 17:18:53 ==> This is a test to see if his function is working
30-10-2020 17:21:58 ==> This is a test to see if his function is working
30-10-2020 17:29:58 ==> This is a test to see if his function is working
30-10-2020 17:31:26 ==> This is a test to see if his function is working
30-10-2020 17:32:24 ==> This is a test to see if his function is working
30-10-2020 17:39:52 ==> This is a test to see if his function is working
30-10-2020 17:41:38 ==> This is a test to see if his function is working
30-10-2020 17:43:26 ==> This is a test to see if his function is working
30-10-2020 17:44:27 ==> This is a test to see if his function is working
30-10-2020 17:46:30 ==> This is a test to see if his function is working
30-10-2020 17:48:17 ==> This is a test to see if his function is working
30-10-2020 17:49:22 ==> This is a test to see if his function is working
30-10-2020 17:50:11 ==> This is a test to see if his function is working
30-10-2020 17:50:59 ==> This is a test to see if his function is working
30-10-2020 17:52:21 ==> This is a test to see if his function is working
30-10-2020 17:55:01 ==> This is a test to see if his function is working
30-10-2020 17:55:56 ==> This is a test to see if his function is working
30-10-2020 17:57:30 ==> This is a test to see if his function is working
30-10-2020 18:00:11 ==> This is a test to see if his function is working
30-10-2020 18:10:25 ==> This is a test to see if his function is working
30-10-2020 18:17:29 ==> This is a test to see if his function is working
30-10-2020 18:19:31 ==> This is a test to see if his function is working
30-10-2020 18:22:01 ==> This is a test to see if his function is working
30-10-2020 18:24:48 ==> This is a test to see if his function is working
30-10-2020 18:46:51 ==> This is a test to see if his function is working
30-10-2020 18:47:55 ==> This is a test to see if his function is working
30-10-2020 18:49:01 ==> This is a test to see if his function is working
30-10-2020 19:39:21 ==> This is a test to see if his function is working
30-10-2020 19:51:03 ==> This is a test to see if his function is working
30-10-2020 20:04:07 ==> This is a test to see if his function is working
30-10-2020 20:06:18 ==> This is a test to see if his function is working
30-10-2020 20:07:39 ==> This is a test to see if his function is working
30-10-2020 20:26:12 ==> This is a test to see if his function is working
30-10-2020 20:31:58 ==> This is a test to see if his function is working
30-10-2020 20:34:58 ==> This is a test to see if his function is working
30-10-2020 20:44:37 ==> This is a test to see if his function is working
30-10-2020 20:49:18 ==> This is a test to see if his function is working
30-10-2020 20:59:52 ==> This is a test to see if his function is working
30-10-2020 21:09:08 ==> This is a test to see if his function is working
30-10-2020 21:14:33 ==> This is a test to see if his function is working
30-10-2020 21:16:27 ==> This is a test to see if his function is working
30-10-2020 21:19:03 ==> This is a test to see if his function is working
30-10-2020 22:09:41 ==> This is a test to see if his function is working
30-10-2020 22:13:23 ==> This is a test to see if his function is working
30-10-2020 22:15:28 ==> This is a test to see if his function is working
30-10-2020 22:32:38 ==> Data Source = (LocalDB)\MSSQLLocalDB;AttachDbFilename=C:\Users\thom\Source\ReUserDB.mdf;Integrated Security = True;Connect Timeout =30
30-10-2020 22:34:33 ==> Data Source = (LocalDB)\MSSQLLocalDB;AttachDbFilename=C:\Users\thom\Source\ReposUserDB.mdf;Integrated Security = True;Connect Timeout =30
30-10-2020 22:40:45 ==> Data Source = (LocalDB)\MSSQLLocalDB;AttachDbFilename=C:\Users\thom\Source\ReposUserDB.mdf;Integrated Security = True;Connect Timeout =30
30-10-2020 22:41:38 ==> Data Source = (LocalDB)\MSSQLLocalDB;AttachDbFilename=C:\Users\thom\SourUserDB.mdf;Integrated Security = True;Connect Timeout =30
30-10-2020 22:49:17 ==> Data Source = (LocalDB)\MSSQLLocalDB;AttachDbFilename=C:\Users\thom\Source\Repos\GlobalApprentince//UserDB.mdf;Integrated Security = True;Connect Timeout =30
30-10-2020 22:50:03 ==> Data Source = (LocalDB)\MSSQLLocalDB;AttachDbFilename=C:\Users\thom\Source\Repos\GlobalApprentince\UserDB.mdf;Integrated Security = True;Connect Timeout =30
30-10-2020 22:52:30 ==> Data Source = (LocalDB)\MSSQLLocalDB;AttachDbFilename=C:\Users\thom\Source\Repos\GlobalApprentince\UserDB.mdf;Integrated Security = True;Connect Timeout =30
