31/01/2021 1:56:29 pm ==> Test
31/01/2021 1:56:29 pm ==> 11
31/01/2021 1:56:29 pm ==> 13
31/01/2021 1:56:29 pm ==> 17
31/01/2021 1:56:29 pm ==> 19
31/01/2021 1:56:29 pm ==> 23
31/01/2021 1:56:29 pm ==> 29
31/01/2021 1:56:29 pm ==> 31
31/01/2021 1:56:29 pm ==> 37
31/01/2021 1:56:29 pm ==> 41
31/01/2021 1:56:29 pm ==> 43
31/01/2021 1:56:29 pm ==> 47
31/01/2021 1:56:29 pm ==> 53
31/01/2021 1:56:29 pm ==> 59
31/01/2021 1:56:29 pm ==> 61
31/01/2021 1:56:29 pm ==> 67
31/01/2021 1:56:29 pm ==> 71
31/01/2021 1:56:29 pm ==> 73
31/01/2021 1:56:29 pm ==> 79
31/01/2021 1:56:29 pm ==> 83
31/01/2021 1:56:29 pm ==> 0
31/01/2021 1:56:29 pm ==> 0
31/01/2021 1:56:29 pm ==> 0
31/01/2021 1:56:29 pm ==> 0
31/01/2021 1:56:29 pm ==> 0
31/01/2021 1:56:29 pm ==> 0
31/01/2021 2:02:58 pm ==> Test
31/01/2021 2:02:58 pm ==> 37
31/01/2021 2:02:58 pm ==> 41
31/01/2021 2:02:58 pm ==> 43
31/01/2021 2:02:58 pm ==> 47
31/01/2021 2:02:58 pm ==> 0
31/01/2021 2:02:58 pm ==> 0
31/01/2021 2:02:58 pm ==> 0
31/01/2021 2:02:58 pm ==> 0
31/01/2021 2:02:58 pm ==> 0
31/01/2021 2:02:58 pm ==> 0
31/01/2021 2:02:58 pm ==> 0
31/01/2021 2:02:58 pm ==> 0
31/01/2021 2:02:58 pm ==> 0
31/01/2021 2:02:58 pm ==> 0
31/01/2021 2:02:58 pm ==> 0
31/01/2021 2:02:58 pm ==> 0
31/01/2021 2:02:58 pm ==> 0
31/01/2021 2:02:58 pm ==> 0
31/01/2021 2:02:58 pm ==> 0
31/01/2021 2:02:58 pm ==> 0
31/01/2021 2:02:58 pm ==> 0
31/01/2021 2:02:58 pm ==> 0
31/01/2021 2:02:58 pm ==> 0
31/01/2021 2:02:58 pm ==> 0
31/01/2021 2:02:58 pm ==> 0
31/01/2021 2:05:02 pm ==> Test
31/01/2021 2:05:02 pm ==> The end of the range is smaller than the start
31/01/2021 10:09:43 pm ==> Test
31/01/2021 10:09:43 pm ==> 11
31/01/2021 10:09:43 pm ==> 13
31/01/2021 10:09:43 pm ==> 17
31/01/2021 10:09:43 pm ==> 19
31/01/2021 10:09:43 pm ==> 23
31/01/2021 10:09:43 pm ==> 29
31/01/2021 10:09:43 pm ==> 31
31/01/2021 10:09:43 pm ==> 37
31/01/2021 10:09:43 pm ==> 0
31/01/2021 10:09:43 pm ==> 0
31/01/2021 10:09:43 pm ==> 0
31/01/2021 10:09:43 pm ==> 0
31/01/2021 10:09:43 pm ==> 0
31/01/2021 10:09:43 pm ==> 0
31/01/2021 10:09:43 pm ==> 0
31/01/2021 10:09:43 pm ==> 0
31/01/2021 10:09:43 pm ==> 0
31/01/2021 10:09:43 pm ==> 0
31/01/2021 10:09:43 pm ==> 0
31/01/2021 10:09:43 pm ==> 0
31/01/2021 10:09:43 pm ==> 0
31/01/2021 10:09:43 pm ==> 0
31/01/2021 10:09:43 pm ==> 0
31/01/2021 10:09:43 pm ==> 0
31/01/2021 10:09:43 pm ==> 0
31/01/2021 10:10:40 pm ==> f4b886f9-0825-4cad-9880-0b293964cd92
31/01/2021 10:11:31 pm ==> Test
31/01/2021 10:11:31 pm ==> The end of the range is smaller than the start
31/01/2021 10:12:11 pm ==> fbff963c-2c8a-4898-a9e8-b9fa35be5e68
31/01/2021 10:12:16 pm ==> 1
31/01/2021 10:13:01 pm ==> Object reference not set to an instance of an object.
31/01/2021 10:13:01 pm ==>    at Global_Intern.Controllers.DashboardStudentController.GeneralProfile(ProfileViewStudent updatedUser) in C:\Users\thom\Source\Repos\NETCoreWebApplication\Controllers\DashboardStudentController.cs:line 127
31/01/2021 10:13:01 pm ==> Global Intern
31/01/2021 10:13:01 pm ==> Microsoft.AspNetCore.Mvc.IActionResult GeneralProfile(Global_Intern.Models.GeneralProfile.ProfileViewStudent)
31/01/2021 10:13:09 pm ==> 1
31/01/2021 10:13:11 pm ==> 1
31/01/2021 11:04:26 pm ==> Test
31/01/2021 11:04:26 pm ==> 29
31/01/2021 11:04:26 pm ==> 31
31/01/2021 11:04:26 pm ==> 37
31/01/2021 11:04:26 pm ==> 41
31/01/2021 11:04:26 pm ==> 43
31/01/2021 11:04:26 pm ==> 47
31/01/2021 11:04:26 pm ==> 53
31/01/2021 11:04:26 pm ==> 59
31/01/2021 11:04:26 pm ==> 61
31/01/2021 11:04:26 pm ==> 67
31/01/2021 11:04:26 pm ==> 71
31/01/2021 11:04:26 pm ==> 73
31/01/2021 11:04:26 pm ==> 0
31/01/2021 11:04:26 pm ==> 0
31/01/2021 11:04:26 pm ==> 0
31/01/2021 11:04:26 pm ==> 0
31/01/2021 11:04:26 pm ==> 0
31/01/2021 11:04:26 pm ==> 0
31/01/2021 11:04:26 pm ==> 0
31/01/2021 11:04:26 pm ==> 0
31/01/2021 11:04:26 pm ==> 0
31/01/2021 11:04:26 pm ==> 0
31/01/2021 11:04:26 pm ==> 0
31/01/2021 11:04:26 pm ==> 0
31/01/2021 11:04:26 pm ==> 0
31/01/2021 11:04:47 pm ==> b54f1173-797b-49d3-bb29-3baf8f447550
31/01/2021 11:05:15 pm ==> 1
