5/10/2021 12:22:13 AM ==> Test
5/10/2021 12:22:13 AM ==> 37
5/10/2021 12:22:13 AM ==> 41
5/10/2021 12:22:13 AM ==> 43
5/10/2021 12:22:13 AM ==> 47
5/10/2021 12:22:13 AM ==> 53
5/10/2021 12:22:13 AM ==> 59
5/10/2021 12:22:13 AM ==> 61
5/10/2021 12:22:13 AM ==> 67
5/10/2021 12:22:13 AM ==> 71
5/10/2021 12:22:13 AM ==> 73
5/10/2021 12:22:13 AM ==> 79
5/10/2021 12:22:13 AM ==> 83
5/10/2021 12:22:13 AM ==> 0
5/10/2021 12:22:13 AM ==> 0
5/10/2021 12:22:13 AM ==> 0
5/10/2021 12:22:13 AM ==> 0
5/10/2021 12:22:13 AM ==> 0
5/10/2021 12:22:13 AM ==> 0
5/10/2021 12:22:13 AM ==> 0
5/10/2021 12:22:13 AM ==> 0
5/10/2021 12:22:13 AM ==> 0
5/10/2021 12:22:13 AM ==> 0
5/10/2021 12:22:13 AM ==> 0
5/10/2021 12:22:13 AM ==> 0
5/10/2021 12:22:13 AM ==> 0
5/10/2021 12:23:15 AM ==> Test
5/10/2021 12:23:15 AM ==> 53
5/10/2021 12:23:15 AM ==> 59
5/10/2021 12:23:15 AM ==> 61
5/10/2021 12:23:15 AM ==> 67
5/10/2021 12:23:15 AM ==> 71
5/10/2021 12:23:15 AM ==> 73
5/10/2021 12:23:15 AM ==> 79
5/10/2021 12:23:15 AM ==> 83
5/10/2021 12:23:15 AM ==> 0
5/10/2021 12:23:15 AM ==> 0
5/10/2021 12:23:15 AM ==> 0
5/10/2021 12:23:15 AM ==> 0
5/10/2021 12:23:15 AM ==> 0
5/10/2021 12:23:15 AM ==> 0
5/10/2021 12:23:15 AM ==> 0
5/10/2021 12:23:15 AM ==> 0
5/10/2021 12:23:15 AM ==> 0
5/10/2021 12:23:15 AM ==> 0
5/10/2021 12:23:15 AM ==> 0
5/10/2021 12:23:15 AM ==> 0
5/10/2021 12:23:15 AM ==> 0
5/10/2021 12:23:15 AM ==> 0
5/10/2021 12:23:15 AM ==> 0
5/10/2021 12:23:15 AM ==> 0
5/10/2021 12:23:15 AM ==> 0
5/10/2021 12:27:11 AM ==> Test
5/10/2021 12:27:11 AM ==> 5
5/10/2021 12:27:11 AM ==> 7
5/10/2021 12:27:11 AM ==> 11
5/10/2021 12:27:11 AM ==> 0
5/10/2021 12:27:11 AM ==> 0
5/10/2021 12:27:11 AM ==> 0
5/10/2021 12:27:11 AM ==> 0
5/10/2021 12:27:11 AM ==> 0
5/10/2021 12:27:11 AM ==> 0
5/10/2021 12:27:11 AM ==> 0
5/10/2021 12:27:11 AM ==> 0
5/10/2021 12:27:11 AM ==> 0
5/10/2021 12:27:11 AM ==> 0
5/10/2021 12:27:11 AM ==> 0
5/10/2021 12:27:11 AM ==> 0
5/10/2021 12:27:11 AM ==> 0
5/10/2021 12:27:11 AM ==> 0
5/10/2021 12:27:11 AM ==> 0
5/10/2021 12:27:11 AM ==> 0
5/10/2021 12:27:11 AM ==> 0
5/10/2021 12:27:11 AM ==> 0
5/10/2021 12:27:11 AM ==> 0
5/10/2021 12:27:11 AM ==> 0
5/10/2021 12:27:11 AM ==> 0
5/10/2021 12:27:11 AM ==> 0
5/10/2021 12:27:24 AM ==> 0
5/10/2021 12:27:34 AM ==> 0
5/10/2021 12:27:44 AM ==> 0
5/10/2021 12:27:55 AM ==> 0
5/10/2021 12:28:05 AM ==> 0
5/10/2021 12:28:12 AM ==> 0
5/10/2021 12:28:35 AM ==> Test
5/10/2021 12:28:35 AM ==> The end of the range is smaller than the start
5/10/2021 12:28:38 AM ==> Test
5/10/2021 12:28:38 AM ==> 17
5/10/2021 12:28:38 AM ==> 19
5/10/2021 12:28:38 AM ==> 23
5/10/2021 12:28:38 AM ==> 0
5/10/2021 12:28:38 AM ==> 0
5/10/2021 12:28:38 AM ==> 0
5/10/2021 12:28:38 AM ==> 0
5/10/2021 12:28:38 AM ==> 0
5/10/2021 12:28:38 AM ==> 0
5/10/2021 12:28:38 AM ==> 0
5/10/2021 12:28:38 AM ==> 0
5/10/2021 12:28:38 AM ==> 0
5/10/2021 12:28:38 AM ==> 0
5/10/2021 12:28:38 AM ==> 0
5/10/2021 12:28:38 AM ==> 0
5/10/2021 12:28:38 AM ==> 0
5/10/2021 12:28:38 AM ==> 0
5/10/2021 12:28:38 AM ==> 0
5/10/2021 12:28:38 AM ==> 0
5/10/2021 12:28:38 AM ==> 0
5/10/2021 12:28:38 AM ==> 0
5/10/2021 12:28:38 AM ==> 0
5/10/2021 12:28:38 AM ==> 0
5/10/2021 12:28:38 AM ==> 0
5/10/2021 12:28:38 AM ==> 0
5/10/2021 12:34:30 AM ==> Test
5/10/2021 12:34:30 AM ==> 11
5/10/2021 12:34:30 AM ==> 13
5/10/2021 12:34:30 AM ==> 17
5/10/2021 12:34:30 AM ==> 19
5/10/2021 12:34:30 AM ==> 23
5/10/2021 12:34:30 AM ==> 29
5/10/2021 12:34:30 AM ==> 31
5/10/2021 12:34:30 AM ==> 37
5/10/2021 12:34:30 AM ==> 41
5/10/2021 12:34:30 AM ==> 43
5/10/2021 12:34:30 AM ==> 47
5/10/2021 12:34:30 AM ==> 53
5/10/2021 12:34:30 AM ==> 59
5/10/2021 12:34:30 AM ==> 61
5/10/2021 12:34:30 AM ==> 67
5/10/2021 12:34:30 AM ==> 71
5/10/2021 12:34:30 AM ==> 0
5/10/2021 12:34:30 AM ==> 0
5/10/2021 12:34:30 AM ==> 0
5/10/2021 12:34:30 AM ==> 0
5/10/2021 12:34:30 AM ==> 0
5/10/2021 12:34:30 AM ==> 0
5/10/2021 12:34:30 AM ==> 0
5/10/2021 12:34:30 AM ==> 0
5/10/2021 12:34:30 AM ==> 0
5/10/2021 12:34:36 AM ==> 0
5/10/2021 12:34:37 AM ==> 0
5/10/2021 12:34:45 AM ==> 0
5/10/2021 4:18:40 PM ==> Test
5/10/2021 4:18:40 PM ==> The end of the range is smaller than the start
5/10/2021 4:18:54 PM ==> 0
5/10/2021 4:19:13 PM ==> Test
5/10/2021 4:19:13 PM ==> 5
5/10/2021 4:19:13 PM ==> 7
5/10/2021 4:19:13 PM ==> 11
5/10/2021 4:19:13 PM ==> 13
5/10/2021 4:19:13 PM ==> 17
5/10/2021 4:19:13 PM ==> 19
5/10/2021 4:19:13 PM ==> 23
5/10/2021 4:19:13 PM ==> 29
5/10/2021 4:19:13 PM ==> 31
5/10/2021 4:19:13 PM ==> 37
5/10/2021 4:19:13 PM ==> 41
5/10/2021 4:19:13 PM ==> 43
5/10/2021 4:19:13 PM ==> 0
5/10/2021 4:19:13 PM ==> 0
5/10/2021 4:19:13 PM ==> 0
5/10/2021 4:19:13 PM ==> 0
5/10/2021 4:19:13 PM ==> 0
5/10/2021 4:19:13 PM ==> 0
5/10/2021 4:19:13 PM ==> 0
5/10/2021 4:19:13 PM ==> 0
5/10/2021 4:19:13 PM ==> 0
5/10/2021 4:19:13 PM ==> 0
5/10/2021 4:19:13 PM ==> 0
5/10/2021 4:19:13 PM ==> 0
5/10/2021 4:19:13 PM ==> 0
5/10/2021 4:19:45 PM ==> Test
5/10/2021 4:19:45 PM ==> The end of the range is smaller than the start
5/10/2021 4:19:53 PM ==> 0
5/10/2021 4:22:05 PM ==> Test
5/10/2021 4:22:05 PM ==> The end of the range is smaller than the start
5/10/2021 4:23:08 PM ==> Test
5/10/2021 4:23:08 PM ==> The end of the range is smaller than the start
5/10/2021 4:26:45 PM ==> Test
5/10/2021 4:26:45 PM ==> 47
5/10/2021 4:26:45 PM ==> 53
5/10/2021 4:26:45 PM ==> 59
5/10/2021 4:26:45 PM ==> 61
5/10/2021 4:26:45 PM ==> 67
5/10/2021 4:26:45 PM ==> 71
5/10/2021 4:26:45 PM ==> 73
5/10/2021 4:26:45 PM ==> 79
5/10/2021 4:26:45 PM ==> 83
5/10/2021 4:26:45 PM ==> 89
5/10/2021 4:26:45 PM ==> 0
5/10/2021 4:26:45 PM ==> 0
5/10/2021 4:26:45 PM ==> 0
5/10/2021 4:26:45 PM ==> 0
5/10/2021 4:26:45 PM ==> 0
5/10/2021 4:26:45 PM ==> 0
5/10/2021 4:26:45 PM ==> 0
5/10/2021 4:26:45 PM ==> 0
5/10/2021 4:26:45 PM ==> 0
5/10/2021 4:26:45 PM ==> 0
5/10/2021 4:26:45 PM ==> 0
5/10/2021 4:26:45 PM ==> 0
5/10/2021 4:26:45 PM ==> 0
5/10/2021 4:26:45 PM ==> 0
5/10/2021 4:26:45 PM ==> 0
5/10/2021 4:27:54 PM ==> Test
5/10/2021 4:27:54 PM ==> 67
5/10/2021 4:27:54 PM ==> 71
5/10/2021 4:27:54 PM ==> 0
5/10/2021 4:27:54 PM ==> 0
5/10/2021 4:27:54 PM ==> 0
5/10/2021 4:27:54 PM ==> 0
5/10/2021 4:27:54 PM ==> 0
5/10/2021 4:27:54 PM ==> 0
5/10/2021 4:27:54 PM ==> 0
5/10/2021 4:27:54 PM ==> 0
5/10/2021 4:27:54 PM ==> 0
5/10/2021 4:27:54 PM ==> 0
5/10/2021 4:27:54 PM ==> 0
5/10/2021 4:27:54 PM ==> 0
5/10/2021 4:27:54 PM ==> 0
5/10/2021 4:27:54 PM ==> 0
5/10/2021 4:27:54 PM ==> 0
5/10/2021 4:27:54 PM ==> 0
5/10/2021 4:27:54 PM ==> 0
5/10/2021 4:27:54 PM ==> 0
5/10/2021 4:27:54 PM ==> 0
5/10/2021 4:27:54 PM ==> 0
5/10/2021 4:27:54 PM ==> 0
5/10/2021 4:27:54 PM ==> 0
5/10/2021 4:27:54 PM ==> 0
5/10/2021 4:33:16 PM ==> Test
5/10/2021 4:33:16 PM ==> 53
5/10/2021 4:33:16 PM ==> 0
5/10/2021 4:33:16 PM ==> 0
5/10/2021 4:33:16 PM ==> 0
5/10/2021 4:33:16 PM ==> 0
5/10/2021 4:33:16 PM ==> 0
5/10/2021 4:33:16 PM ==> 0
5/10/2021 4:33:16 PM ==> 0
5/10/2021 4:33:16 PM ==> 0
5/10/2021 4:33:16 PM ==> 0
5/10/2021 4:33:16 PM ==> 0
5/10/2021 4:33:16 PM ==> 0
5/10/2021 4:33:16 PM ==> 0
5/10/2021 4:33:16 PM ==> 0
5/10/2021 4:33:16 PM ==> 0
5/10/2021 4:33:16 PM ==> 0
5/10/2021 4:33:16 PM ==> 0
5/10/2021 4:33:16 PM ==> 0
5/10/2021 4:33:16 PM ==> 0
5/10/2021 4:33:16 PM ==> 0
5/10/2021 4:33:16 PM ==> 0
5/10/2021 4:33:16 PM ==> 0
5/10/2021 4:33:16 PM ==> 0
5/10/2021 4:33:16 PM ==> 0
5/10/2021 4:33:16 PM ==> 0
5/10/2021 4:36:40 PM ==> Test
5/10/2021 4:36:40 PM ==> 73
5/10/2021 4:36:40 PM ==> 0
5/10/2021 4:36:40 PM ==> 0
5/10/2021 4:36:40 PM ==> 0
5/10/2021 4:36:40 PM ==> 0
5/10/2021 4:36:40 PM ==> 0
5/10/2021 4:36:40 PM ==> 0
5/10/2021 4:36:40 PM ==> 0
5/10/2021 4:36:40 PM ==> 0
5/10/2021 4:36:40 PM ==> 0
5/10/2021 4:36:40 PM ==> 0
5/10/2021 4:36:40 PM ==> 0
5/10/2021 4:36:40 PM ==> 0
5/10/2021 4:36:40 PM ==> 0
5/10/2021 4:36:40 PM ==> 0
5/10/2021 4:36:40 PM ==> 0
5/10/2021 4:36:40 PM ==> 0
5/10/2021 4:36:40 PM ==> 0
5/10/2021 4:36:40 PM ==> 0
5/10/2021 4:36:40 PM ==> 0
5/10/2021 4:36:40 PM ==> 0
5/10/2021 4:36:40 PM ==> 0
5/10/2021 4:36:40 PM ==> 0
5/10/2021 4:36:40 PM ==> 0
5/10/2021 4:36:40 PM ==> 0
5/10/2021 4:55:11 PM ==> Test
5/10/2021 4:55:11 PM ==> The end of the range is smaller than the start
5/10/2021 5:09:09 PM ==> Test
5/10/2021 5:09:09 PM ==> The end of the range is smaller than the start
5/10/2021 5:10:15 PM ==> Test
5/10/2021 5:10:15 PM ==> 11
5/10/2021 5:10:15 PM ==> 13
5/10/2021 5:10:15 PM ==> 17
5/10/2021 5:10:15 PM ==> 19
5/10/2021 5:10:15 PM ==> 23
5/10/2021 5:10:15 PM ==> 29
5/10/2021 5:10:15 PM ==> 31
5/10/2021 5:10:15 PM ==> 0
5/10/2021 5:10:15 PM ==> 0
5/10/2021 5:10:15 PM ==> 0
5/10/2021 5:10:15 PM ==> 0
5/10/2021 5:10:15 PM ==> 0
5/10/2021 5:10:15 PM ==> 0
5/10/2021 5:10:15 PM ==> 0
5/10/2021 5:10:15 PM ==> 0
5/10/2021 5:10:15 PM ==> 0
5/10/2021 5:10:15 PM ==> 0
5/10/2021 5:10:15 PM ==> 0
5/10/2021 5:10:15 PM ==> 0
5/10/2021 5:10:15 PM ==> 0
5/10/2021 5:10:15 PM ==> 0
5/10/2021 5:10:15 PM ==> 0
5/10/2021 5:10:15 PM ==> 0
5/10/2021 5:10:15 PM ==> 0
5/10/2021 5:10:15 PM ==> 0
5/10/2021 9:18:33 PM ==> Test
5/10/2021 9:18:33 PM ==> The end of the range is smaller than the start
5/10/2021 9:19:58 PM ==> Test
5/10/2021 9:19:58 PM ==> The end of the range is smaller than the start
5/10/2021 9:37:04 PM ==> Test
5/10/2021 9:53:58 PM ==> Test
5/10/2021 9:53:58 PM ==> The startInclusive number is equal to the endInclusive number
5/10/2021 9:53:58 PM ==> 3
5/10/2021 9:55:18 PM ==> Test
5/10/2021 9:55:18 PM ==> 2
5/10/2021 9:55:18 PM ==> 3
5/10/2021 9:55:18 PM ==> 5
5/10/2021 9:55:18 PM ==> 7
5/10/2021 9:55:18 PM ==> 11
5/10/2021 9:55:18 PM ==> 13
5/10/2021 9:55:18 PM ==> 17
5/10/2021 9:55:18 PM ==> 19
5/10/2021 9:55:18 PM ==> 23
5/10/2021 9:55:18 PM ==> 29
5/10/2021 9:55:18 PM ==> 31
5/10/2021 9:55:18 PM ==> 37
5/10/2021 9:55:18 PM ==> 41
5/10/2021 9:55:18 PM ==> 43
5/10/2021 9:55:18 PM ==> 47
5/10/2021 9:55:18 PM ==> 53
5/10/2021 9:55:18 PM ==> 59
5/10/2021 9:55:18 PM ==> 61
5/10/2021 9:55:18 PM ==> 0
5/10/2021 9:55:18 PM ==> 0
5/10/2021 9:55:18 PM ==> 0
5/10/2021 9:55:18 PM ==> 0
5/10/2021 9:55:18 PM ==> 0
5/10/2021 9:55:18 PM ==> 0
5/10/2021 9:55:18 PM ==> 0
5/10/2021 10:25:33 PM ==> Test
5/10/2021 10:25:33 PM ==> 59
5/10/2021 10:25:33 PM ==> 61
5/10/2021 10:25:33 PM ==> 67
5/10/2021 10:25:33 PM ==> 71
5/10/2021 10:25:33 PM ==> 73
5/10/2021 10:25:33 PM ==> 0
5/10/2021 10:25:33 PM ==> 0
5/10/2021 10:25:33 PM ==> 0
5/10/2021 10:25:33 PM ==> 0
5/10/2021 10:25:33 PM ==> 0
5/10/2021 10:25:33 PM ==> 0
5/10/2021 10:25:33 PM ==> 0
5/10/2021 10:25:33 PM ==> 0
5/10/2021 10:25:33 PM ==> 0
5/10/2021 10:25:33 PM ==> 0
5/10/2021 10:25:33 PM ==> 0
5/10/2021 10:25:33 PM ==> 0
5/10/2021 10:25:33 PM ==> 0
5/10/2021 10:25:33 PM ==> 0
5/10/2021 10:25:33 PM ==> 0
5/10/2021 10:25:33 PM ==> 0
5/10/2021 10:25:33 PM ==> 0
5/10/2021 10:25:33 PM ==> 0
5/10/2021 10:25:33 PM ==> 0
5/10/2021 10:25:33 PM ==> 0
5/10/2021 10:26:58 PM ==> Test
5/10/2021 10:26:58 PM ==> The end of the range is smaller than the start
5/10/2021 10:31:17 PM ==> Test
5/10/2021 10:31:17 PM ==> 47
5/10/2021 10:31:17 PM ==> 53
5/10/2021 10:31:17 PM ==> 59
5/10/2021 10:31:17 PM ==> 61
5/10/2021 10:31:17 PM ==> 67
5/10/2021 10:31:17 PM ==> 0
5/10/2021 10:31:17 PM ==> 0
5/10/2021 10:31:17 PM ==> 0
5/10/2021 10:31:17 PM ==> 0
5/10/2021 10:31:17 PM ==> 0
5/10/2021 10:31:17 PM ==> 0
5/10/2021 10:31:17 PM ==> 0
5/10/2021 10:31:17 PM ==> 0
5/10/2021 10:31:17 PM ==> 0
5/10/2021 10:31:17 PM ==> 0
5/10/2021 10:31:17 PM ==> 0
5/10/2021 10:31:17 PM ==> 0
5/10/2021 10:31:17 PM ==> 0
5/10/2021 10:31:17 PM ==> 0
5/10/2021 10:31:17 PM ==> 0
5/10/2021 10:31:17 PM ==> 0
5/10/2021 10:31:17 PM ==> 0
5/10/2021 10:31:17 PM ==> 0
5/10/2021 10:31:17 PM ==> 0
5/10/2021 10:31:17 PM ==> 0
5/10/2021 10:33:33 PM ==> Test
5/10/2021 10:33:33 PM ==> 17
5/10/2021 10:33:33 PM ==> 19
5/10/2021 10:33:33 PM ==> 23
5/10/2021 10:33:33 PM ==> 29
5/10/2021 10:33:33 PM ==> 31
5/10/2021 10:33:33 PM ==> 37
5/10/2021 10:33:33 PM ==> 0
5/10/2021 10:33:33 PM ==> 0
5/10/2021 10:33:33 PM ==> 0
5/10/2021 10:33:33 PM ==> 0
5/10/2021 10:33:33 PM ==> 0
5/10/2021 10:33:33 PM ==> 0
5/10/2021 10:33:33 PM ==> 0
5/10/2021 10:33:33 PM ==> 0
5/10/2021 10:33:33 PM ==> 0
5/10/2021 10:33:33 PM ==> 0
5/10/2021 10:33:33 PM ==> 0
5/10/2021 10:33:33 PM ==> 0
5/10/2021 10:33:33 PM ==> 0
5/10/2021 10:33:33 PM ==> 0
5/10/2021 10:33:33 PM ==> 0
5/10/2021 10:33:33 PM ==> 0
5/10/2021 10:33:33 PM ==> 0
5/10/2021 10:33:33 PM ==> 0
5/10/2021 10:33:33 PM ==> 0
5/10/2021 10:36:13 PM ==> Test
5/10/2021 10:36:13 PM ==> 29
5/10/2021 10:36:13 PM ==> 31
5/10/2021 10:36:13 PM ==> 37
5/10/2021 10:36:13 PM ==> 0
5/10/2021 10:36:13 PM ==> 0
5/10/2021 10:36:13 PM ==> 0
5/10/2021 10:36:13 PM ==> 0
5/10/2021 10:36:13 PM ==> 0
5/10/2021 10:36:13 PM ==> 0
5/10/2021 10:36:13 PM ==> 0
5/10/2021 10:36:13 PM ==> 0
5/10/2021 10:36:13 PM ==> 0
5/10/2021 10:36:13 PM ==> 0
5/10/2021 10:36:13 PM ==> 0
5/10/2021 10:36:13 PM ==> 0
5/10/2021 10:36:13 PM ==> 0
5/10/2021 10:36:13 PM ==> 0
5/10/2021 10:36:13 PM ==> 0
5/10/2021 10:36:13 PM ==> 0
5/10/2021 10:36:13 PM ==> 0
5/10/2021 10:36:13 PM ==> 0
5/10/2021 10:36:13 PM ==> 0
5/10/2021 10:36:13 PM ==> 0
5/10/2021 10:36:13 PM ==> 0
5/10/2021 10:36:13 PM ==> 0
5/10/2021 10:57:48 PM ==> Test
5/10/2021 10:57:48 PM ==> 5
5/10/2021 10:57:48 PM ==> 7
5/10/2021 10:57:48 PM ==> 11
5/10/2021 10:57:48 PM ==> 13
5/10/2021 10:57:48 PM ==> 17
5/10/2021 10:57:48 PM ==> 19
5/10/2021 10:57:48 PM ==> 23
5/10/2021 10:57:48 PM ==> 29
5/10/2021 10:57:48 PM ==> 31
5/10/2021 10:57:48 PM ==> 0
5/10/2021 10:57:48 PM ==> 0
5/10/2021 10:57:48 PM ==> 0
5/10/2021 10:57:48 PM ==> 0
5/10/2021 10:57:48 PM ==> 0
5/10/2021 10:57:48 PM ==> 0
5/10/2021 10:57:48 PM ==> 0
5/10/2021 10:57:48 PM ==> 0
5/10/2021 10:57:48 PM ==> 0
5/10/2021 10:57:48 PM ==> 0
5/10/2021 10:57:48 PM ==> 0
5/10/2021 10:57:48 PM ==> 0
5/10/2021 10:57:48 PM ==> 0
5/10/2021 10:57:48 PM ==> 0
5/10/2021 10:57:48 PM ==> 0
5/10/2021 10:57:48 PM ==> 0
5/10/2021 11:06:11 PM ==> Test
5/10/2021 11:06:11 PM ==> The end of the range is smaller than the start
5/10/2021 11:07:43 PM ==> Test
5/10/2021 11:07:43 PM ==> The end of the range is smaller than the start
5/10/2021 11:09:07 PM ==> Test
5/10/2021 11:09:07 PM ==> The end of the range is smaller than the start
5/10/2021 11:12:08 PM ==> Test
5/10/2021 11:12:08 PM ==> 53
5/10/2021 11:12:08 PM ==> 59
5/10/2021 11:12:08 PM ==> 61
5/10/2021 11:12:08 PM ==> 0
5/10/2021 11:12:08 PM ==> 0
5/10/2021 11:12:08 PM ==> 0
5/10/2021 11:12:08 PM ==> 0
5/10/2021 11:12:08 PM ==> 0
5/10/2021 11:12:08 PM ==> 0
5/10/2021 11:12:08 PM ==> 0
5/10/2021 11:12:08 PM ==> 0
5/10/2021 11:12:08 PM ==> 0
5/10/2021 11:12:08 PM ==> 0
5/10/2021 11:12:08 PM ==> 0
5/10/2021 11:12:08 PM ==> 0
5/10/2021 11:12:08 PM ==> 0
5/10/2021 11:12:08 PM ==> 0
5/10/2021 11:12:08 PM ==> 0
5/10/2021 11:12:08 PM ==> 0
5/10/2021 11:12:08 PM ==> 0
5/10/2021 11:12:08 PM ==> 0
5/10/2021 11:12:08 PM ==> 0
5/10/2021 11:12:08 PM ==> 0
5/10/2021 11:12:08 PM ==> 0
5/10/2021 11:12:08 PM ==> 0
5/10/2021 11:16:57 PM ==> Test
5/10/2021 11:16:57 PM ==> 29
5/10/2021 11:16:57 PM ==> 31
5/10/2021 11:16:57 PM ==> 37
5/10/2021 11:16:57 PM ==> 0
5/10/2021 11:16:57 PM ==> 0
5/10/2021 11:16:57 PM ==> 0
5/10/2021 11:16:57 PM ==> 0
5/10/2021 11:16:57 PM ==> 0
5/10/2021 11:16:57 PM ==> 0
5/10/2021 11:16:57 PM ==> 0
5/10/2021 11:16:57 PM ==> 0
5/10/2021 11:16:57 PM ==> 0
5/10/2021 11:16:57 PM ==> 0
5/10/2021 11:16:57 PM ==> 0
5/10/2021 11:16:57 PM ==> 0
5/10/2021 11:16:57 PM ==> 0
5/10/2021 11:16:57 PM ==> 0
5/10/2021 11:16:57 PM ==> 0
5/10/2021 11:16:57 PM ==> 0
5/10/2021 11:16:57 PM ==> 0
5/10/2021 11:16:57 PM ==> 0
5/10/2021 11:16:57 PM ==> 0
5/10/2021 11:16:57 PM ==> 0
5/10/2021 11:16:57 PM ==> 0
5/10/2021 11:16:57 PM ==> 0
5/10/2021 11:18:15 PM ==> Test
5/10/2021 11:18:15 PM ==> The end of the range is smaller than the start
5/10/2021 11:19:50 PM ==> Test
5/10/2021 11:19:50 PM ==> 29
5/10/2021 11:19:50 PM ==> 31
5/10/2021 11:19:50 PM ==> 37
5/10/2021 11:19:50 PM ==> 41
5/10/2021 11:19:50 PM ==> 43
5/10/2021 11:19:50 PM ==> 47
5/10/2021 11:19:50 PM ==> 53
5/10/2021 11:19:50 PM ==> 59
5/10/2021 11:19:50 PM ==> 61
5/10/2021 11:19:50 PM ==> 0
5/10/2021 11:19:50 PM ==> 0
5/10/2021 11:19:50 PM ==> 0
5/10/2021 11:19:50 PM ==> 0
5/10/2021 11:19:50 PM ==> 0
5/10/2021 11:19:50 PM ==> 0
5/10/2021 11:19:50 PM ==> 0
5/10/2021 11:19:50 PM ==> 0
5/10/2021 11:19:50 PM ==> 0
5/10/2021 11:19:50 PM ==> 0
5/10/2021 11:19:50 PM ==> 0
5/10/2021 11:19:50 PM ==> 0
5/10/2021 11:19:50 PM ==> 0
5/10/2021 11:19:50 PM ==> 0
5/10/2021 11:19:50 PM ==> 0
5/10/2021 11:19:50 PM ==> 0
5/10/2021 11:21:30 PM ==> Test
5/10/2021 11:21:30 PM ==> 7
5/10/2021 11:21:30 PM ==> 11
5/10/2021 11:21:30 PM ==> 13
5/10/2021 11:21:30 PM ==> 0
5/10/2021 11:21:30 PM ==> 0
5/10/2021 11:21:30 PM ==> 0
5/10/2021 11:21:30 PM ==> 0
5/10/2021 11:21:30 PM ==> 0
5/10/2021 11:21:30 PM ==> 0
5/10/2021 11:21:30 PM ==> 0
5/10/2021 11:21:30 PM ==> 0
5/10/2021 11:21:30 PM ==> 0
5/10/2021 11:21:30 PM ==> 0
5/10/2021 11:21:30 PM ==> 0
5/10/2021 11:21:30 PM ==> 0
5/10/2021 11:21:30 PM ==> 0
5/10/2021 11:21:30 PM ==> 0
5/10/2021 11:21:30 PM ==> 0
5/10/2021 11:21:30 PM ==> 0
5/10/2021 11:21:30 PM ==> 0
5/10/2021 11:21:30 PM ==> 0
5/10/2021 11:21:30 PM ==> 0
5/10/2021 11:21:30 PM ==> 0
5/10/2021 11:21:30 PM ==> 0
5/10/2021 11:21:30 PM ==> 0
5/10/2021 11:22:20 PM ==> Test
5/10/2021 11:22:20 PM ==> 41
5/10/2021 11:22:20 PM ==> 43
5/10/2021 11:22:20 PM ==> 47
5/10/2021 11:22:20 PM ==> 53
5/10/2021 11:22:20 PM ==> 59
5/10/2021 11:22:20 PM ==> 61
5/10/2021 11:22:20 PM ==> 67
5/10/2021 11:22:20 PM ==> 71
5/10/2021 11:22:20 PM ==> 73
5/10/2021 11:22:20 PM ==> 0
5/10/2021 11:22:20 PM ==> 0
5/10/2021 11:22:20 PM ==> 0
5/10/2021 11:22:20 PM ==> 0
5/10/2021 11:22:20 PM ==> 0
5/10/2021 11:22:20 PM ==> 0
5/10/2021 11:22:20 PM ==> 0
5/10/2021 11:22:20 PM ==> 0
5/10/2021 11:22:20 PM ==> 0
5/10/2021 11:22:20 PM ==> 0
5/10/2021 11:22:20 PM ==> 0
5/10/2021 11:22:20 PM ==> 0
5/10/2021 11:22:20 PM ==> 0
5/10/2021 11:22:20 PM ==> 0
5/10/2021 11:22:20 PM ==> 0
5/10/2021 11:22:20 PM ==> 0
5/10/2021 11:23:28 PM ==> Test
5/10/2021 11:23:28 PM ==> The end of the range is smaller than the start
5/10/2021 11:25:12 PM ==> Test
5/10/2021 11:25:12 PM ==> The end of the range is smaller than the start
5/10/2021 11:26:24 PM ==> Test
5/10/2021 11:26:24 PM ==> 23
5/10/2021 11:26:24 PM ==> 29
5/10/2021 11:26:24 PM ==> 31
5/10/2021 11:26:24 PM ==> 37
5/10/2021 11:26:24 PM ==> 0
5/10/2021 11:26:24 PM ==> 0
5/10/2021 11:26:24 PM ==> 0
5/10/2021 11:26:24 PM ==> 0
5/10/2021 11:26:24 PM ==> 0
5/10/2021 11:26:24 PM ==> 0
5/10/2021 11:26:24 PM ==> 0
5/10/2021 11:26:24 PM ==> 0
5/10/2021 11:26:24 PM ==> 0
5/10/2021 11:26:24 PM ==> 0
5/10/2021 11:26:24 PM ==> 0
5/10/2021 11:26:24 PM ==> 0
5/10/2021 11:26:24 PM ==> 0
5/10/2021 11:26:24 PM ==> 0
5/10/2021 11:26:24 PM ==> 0
5/10/2021 11:26:24 PM ==> 0
5/10/2021 11:26:24 PM ==> 0
5/10/2021 11:26:24 PM ==> 0
5/10/2021 11:26:24 PM ==> 0
5/10/2021 11:26:24 PM ==> 0
5/10/2021 11:26:24 PM ==> 0
5/10/2021 11:28:03 PM ==> Test
5/10/2021 11:28:03 PM ==> The end of the range is smaller than the start
5/10/2021 11:29:18 PM ==> Test
5/10/2021 11:29:18 PM ==> 61
5/10/2021 11:29:18 PM ==> 67
5/10/2021 11:29:18 PM ==> 0
5/10/2021 11:29:18 PM ==> 0
5/10/2021 11:29:18 PM ==> 0
5/10/2021 11:29:18 PM ==> 0
5/10/2021 11:29:18 PM ==> 0
5/10/2021 11:29:18 PM ==> 0
5/10/2021 11:29:18 PM ==> 0
5/10/2021 11:29:18 PM ==> 0
5/10/2021 11:29:18 PM ==> 0
5/10/2021 11:29:18 PM ==> 0
5/10/2021 11:29:18 PM ==> 0
5/10/2021 11:29:18 PM ==> 0
5/10/2021 11:29:18 PM ==> 0
5/10/2021 11:29:18 PM ==> 0
5/10/2021 11:29:18 PM ==> 0
5/10/2021 11:29:18 PM ==> 0
5/10/2021 11:29:18 PM ==> 0
5/10/2021 11:29:18 PM ==> 0
5/10/2021 11:29:18 PM ==> 0
5/10/2021 11:29:18 PM ==> 0
5/10/2021 11:29:18 PM ==> 0
5/10/2021 11:29:18 PM ==> 0
5/10/2021 11:29:18 PM ==> 0
5/10/2021 11:30:32 PM ==> Test
5/10/2021 11:30:32 PM ==> The end of the range is smaller than the start
5/10/2021 11:31:55 PM ==> Test
5/10/2021 11:31:55 PM ==> 41
5/10/2021 11:31:55 PM ==> 43
5/10/2021 11:31:55 PM ==> 47
5/10/2021 11:31:55 PM ==> 53
5/10/2021 11:31:55 PM ==> 59
5/10/2021 11:31:55 PM ==> 61
5/10/2021 11:31:55 PM ==> 67
5/10/2021 11:31:55 PM ==> 71
5/10/2021 11:31:55 PM ==> 73
5/10/2021 11:31:55 PM ==> 79
5/10/2021 11:31:55 PM ==> 83
5/10/2021 11:31:55 PM ==> 89
5/10/2021 11:31:55 PM ==> 0
5/10/2021 11:31:55 PM ==> 0
5/10/2021 11:31:55 PM ==> 0
5/10/2021 11:31:55 PM ==> 0
5/10/2021 11:31:55 PM ==> 0
5/10/2021 11:31:55 PM ==> 0
5/10/2021 11:31:55 PM ==> 0
5/10/2021 11:31:55 PM ==> 0
5/10/2021 11:31:55 PM ==> 0
5/10/2021 11:31:55 PM ==> 0
5/10/2021 11:31:55 PM ==> 0
5/10/2021 11:31:55 PM ==> 0
5/10/2021 11:31:55 PM ==> 0
5/10/2021 11:33:18 PM ==> Test
5/10/2021 11:33:18 PM ==> 59
5/10/2021 11:33:18 PM ==> 61
5/10/2021 11:33:18 PM ==> 67
5/10/2021 11:33:18 PM ==> 71
5/10/2021 11:33:18 PM ==> 73
5/10/2021 11:33:18 PM ==> 79
5/10/2021 11:33:18 PM ==> 83
5/10/2021 11:33:18 PM ==> 0
5/10/2021 11:33:18 PM ==> 0
5/10/2021 11:33:18 PM ==> 0
5/10/2021 11:33:18 PM ==> 0
5/10/2021 11:33:18 PM ==> 0
5/10/2021 11:33:18 PM ==> 0
5/10/2021 11:33:18 PM ==> 0
5/10/2021 11:33:18 PM ==> 0
5/10/2021 11:33:18 PM ==> 0
5/10/2021 11:33:18 PM ==> 0
5/10/2021 11:33:18 PM ==> 0
5/10/2021 11:33:18 PM ==> 0
5/10/2021 11:33:18 PM ==> 0
5/10/2021 11:33:18 PM ==> 0
5/10/2021 11:33:18 PM ==> 0
5/10/2021 11:33:18 PM ==> 0
5/10/2021 11:33:18 PM ==> 0
5/10/2021 11:33:18 PM ==> 0
5/10/2021 11:34:29 PM ==> 0
5/10/2021 11:44:12 PM ==> Test
5/10/2021 11:44:12 PM ==> 53
5/10/2021 11:44:12 PM ==> 59
5/10/2021 11:44:12 PM ==> 61
5/10/2021 11:44:12 PM ==> 67
5/10/2021 11:44:12 PM ==> 71
5/10/2021 11:44:12 PM ==> 73
5/10/2021 11:44:12 PM ==> 79
5/10/2021 11:44:12 PM ==> 83
5/10/2021 11:44:12 PM ==> 0
5/10/2021 11:44:12 PM ==> 0
5/10/2021 11:44:12 PM ==> 0
5/10/2021 11:44:12 PM ==> 0
5/10/2021 11:44:12 PM ==> 0
5/10/2021 11:44:12 PM ==> 0
5/10/2021 11:44:12 PM ==> 0
5/10/2021 11:44:12 PM ==> 0
5/10/2021 11:44:12 PM ==> 0
5/10/2021 11:44:12 PM ==> 0
5/10/2021 11:44:12 PM ==> 0
5/10/2021 11:44:12 PM ==> 0
5/10/2021 11:44:12 PM ==> 0
5/10/2021 11:44:12 PM ==> 0
5/10/2021 11:44:12 PM ==> 0
5/10/2021 11:44:12 PM ==> 0
5/10/2021 11:44:12 PM ==> 0
5/10/2021 11:46:49 PM ==> Test
5/10/2021 11:46:49 PM ==> 79
5/10/2021 11:46:49 PM ==> 0
5/10/2021 11:46:49 PM ==> 0
5/10/2021 11:46:49 PM ==> 0
5/10/2021 11:46:49 PM ==> 0
5/10/2021 11:46:49 PM ==> 0
5/10/2021 11:46:49 PM ==> 0
5/10/2021 11:46:49 PM ==> 0
5/10/2021 11:46:49 PM ==> 0
5/10/2021 11:46:49 PM ==> 0
5/10/2021 11:46:49 PM ==> 0
5/10/2021 11:46:49 PM ==> 0
5/10/2021 11:46:49 PM ==> 0
5/10/2021 11:46:49 PM ==> 0
5/10/2021 11:46:49 PM ==> 0
5/10/2021 11:46:49 PM ==> 0
5/10/2021 11:46:49 PM ==> 0
5/10/2021 11:46:49 PM ==> 0
5/10/2021 11:46:49 PM ==> 0
5/10/2021 11:46:49 PM ==> 0
5/10/2021 11:46:49 PM ==> 0
5/10/2021 11:46:49 PM ==> 0
5/10/2021 11:46:49 PM ==> 0
5/10/2021 11:46:49 PM ==> 0
5/10/2021 11:46:49 PM ==> 0
