5/02/2021 5:16:40 pm ==> Test
5/02/2021 5:16:40 pm ==> 59
5/02/2021 5:16:40 pm ==> 61
5/02/2021 5:16:40 pm ==> 0
5/02/2021 5:16:40 pm ==> 0
5/02/2021 5:16:40 pm ==> 0
5/02/2021 5:16:40 pm ==> 0
5/02/2021 5:16:40 pm ==> 0
5/02/2021 5:16:40 pm ==> 0
5/02/2021 5:16:40 pm ==> 0
5/02/2021 5:16:40 pm ==> 0
5/02/2021 5:16:40 pm ==> 0
5/02/2021 5:16:40 pm ==> 0
5/02/2021 5:16:40 pm ==> 0
5/02/2021 5:16:40 pm ==> 0
5/02/2021 5:16:40 pm ==> 0
5/02/2021 5:16:40 pm ==> 0
5/02/2021 5:16:40 pm ==> 0
5/02/2021 5:16:40 pm ==> 0
5/02/2021 5:16:40 pm ==> 0
5/02/2021 5:16:40 pm ==> 0
5/02/2021 5:16:40 pm ==> 0
5/02/2021 5:16:40 pm ==> 0
5/02/2021 5:16:40 pm ==> 0
5/02/2021 5:16:40 pm ==> 0
5/02/2021 5:16:40 pm ==> 0
5/02/2021 5:16:49 pm ==> 03de02bf-203f-478e-93b7-1dc2e7f2a6c0
5/02/2021 5:17:53 pm ==> 1
5/02/2021 6:20:46 pm ==> Test
5/02/2021 6:20:46 pm ==> 47
5/02/2021 6:20:46 pm ==> 53
5/02/2021 6:20:46 pm ==> 59
5/02/2021 6:20:46 pm ==> 61
5/02/2021 6:20:46 pm ==> 67
5/02/2021 6:20:46 pm ==> 71
5/02/2021 6:20:46 pm ==> 73
5/02/2021 6:20:46 pm ==> 0
5/02/2021 6:20:46 pm ==> 0
5/02/2021 6:20:46 pm ==> 0
5/02/2021 6:20:46 pm ==> 0
5/02/2021 6:20:46 pm ==> 0
5/02/2021 6:20:46 pm ==> 0
5/02/2021 6:20:46 pm ==> 0
5/02/2021 6:20:46 pm ==> 0
5/02/2021 6:20:46 pm ==> 0
5/02/2021 6:20:46 pm ==> 0
5/02/2021 6:20:46 pm ==> 0
5/02/2021 6:20:46 pm ==> 0
5/02/2021 6:20:46 pm ==> 0
5/02/2021 6:20:46 pm ==> 0
5/02/2021 6:20:46 pm ==> 0
5/02/2021 6:20:46 pm ==> 0
5/02/2021 6:20:46 pm ==> 0
5/02/2021 6:20:46 pm ==> 0
5/02/2021 6:21:34 pm ==> 9162fcc1-c444-45e6-bd81-fb32507d9aa2
5/02/2021 6:21:51 pm ==> 1
5/02/2021 6:23:17 pm ==> Test
5/02/2021 6:23:17 pm ==> The end of the range is smaller than the start
5/02/2021 6:23:27 pm ==> 840487f0-2b8f-4aab-817e-10319b18eadc
5/02/2021 6:24:20 pm ==> Test
5/02/2021 6:24:20 pm ==> The end of the range is smaller than the start
5/02/2021 6:24:31 pm ==> 722e5149-848d-492a-ade2-cf339536288d
5/02/2021 6:24:41 pm ==> 1
5/02/2021 6:26:06 pm ==> Test
5/02/2021 6:26:06 pm ==> 29
5/02/2021 6:26:06 pm ==> 31
5/02/2021 6:26:06 pm ==> 37
5/02/2021 6:26:06 pm ==> 41
5/02/2021 6:26:06 pm ==> 43
5/02/2021 6:26:06 pm ==> 47
5/02/2021 6:26:06 pm ==> 53
5/02/2021 6:26:06 pm ==> 59
5/02/2021 6:26:06 pm ==> 0
5/02/2021 6:26:06 pm ==> 0
5/02/2021 6:26:06 pm ==> 0
5/02/2021 6:26:06 pm ==> 0
5/02/2021 6:26:06 pm ==> 0
5/02/2021 6:26:06 pm ==> 0
5/02/2021 6:26:06 pm ==> 0
5/02/2021 6:26:06 pm ==> 0
5/02/2021 6:26:06 pm ==> 0
5/02/2021 6:26:06 pm ==> 0
5/02/2021 6:26:06 pm ==> 0
5/02/2021 6:26:06 pm ==> 0
5/02/2021 6:26:06 pm ==> 0
5/02/2021 6:26:06 pm ==> 0
5/02/2021 6:26:06 pm ==> 0
5/02/2021 6:26:06 pm ==> 0
5/02/2021 6:26:06 pm ==> 0
5/02/2021 6:26:17 pm ==> a7ad109c-b297-4282-9ef4-ab00c259ee59
5/02/2021 6:26:20 pm ==> 1
5/02/2021 6:26:32 pm ==> 1
5/02/2021 6:27:14 pm ==> 1
5/02/2021 8:02:43 pm ==> Test
5/02/2021 8:02:43 pm ==> The end of the range is smaller than the start
5/02/2021 8:02:54 pm ==> 49a1cb76-bbde-4399-a0b3-08777434bd83
5/02/2021 8:02:58 pm ==> 1
5/02/2021 8:07:13 pm ==> Test
5/02/2021 8:07:13 pm ==> 23
5/02/2021 8:07:13 pm ==> 29
5/02/2021 8:07:13 pm ==> 31
5/02/2021 8:07:13 pm ==> 37
5/02/2021 8:07:13 pm ==> 41
5/02/2021 8:07:13 pm ==> 43
5/02/2021 8:07:13 pm ==> 47
5/02/2021 8:07:13 pm ==> 53
5/02/2021 8:07:13 pm ==> 0
5/02/2021 8:07:13 pm ==> 0
5/02/2021 8:07:13 pm ==> 0
5/02/2021 8:07:13 pm ==> 0
5/02/2021 8:07:13 pm ==> 0
5/02/2021 8:07:13 pm ==> 0
5/02/2021 8:07:13 pm ==> 0
5/02/2021 8:07:13 pm ==> 0
5/02/2021 8:07:13 pm ==> 0
5/02/2021 8:07:13 pm ==> 0
5/02/2021 8:07:13 pm ==> 0
5/02/2021 8:07:13 pm ==> 0
5/02/2021 8:07:13 pm ==> 0
5/02/2021 8:07:13 pm ==> 0
5/02/2021 8:07:13 pm ==> 0
5/02/2021 8:07:13 pm ==> 0
5/02/2021 8:07:13 pm ==> 0
5/02/2021 8:07:59 pm ==> a4993f7b-e7d1-4eea-9655-7cbd5d05ecaf
5/02/2021 8:08:02 pm ==> 1
5/02/2021 8:08:31 pm ==> 1
5/02/2021 8:20:56 pm ==> Test
5/02/2021 8:20:56 pm ==> 79
5/02/2021 8:20:56 pm ==> 83
5/02/2021 8:20:56 pm ==> 89
5/02/2021 8:20:56 pm ==> 97
5/02/2021 8:20:56 pm ==> 0
5/02/2021 8:20:56 pm ==> 0
5/02/2021 8:20:56 pm ==> 0
5/02/2021 8:20:56 pm ==> 0
5/02/2021 8:20:56 pm ==> 0
5/02/2021 8:20:56 pm ==> 0
5/02/2021 8:20:56 pm ==> 0
5/02/2021 8:20:56 pm ==> 0
5/02/2021 8:20:56 pm ==> 0
5/02/2021 8:20:56 pm ==> 0
5/02/2021 8:20:56 pm ==> 0
5/02/2021 8:20:56 pm ==> 0
5/02/2021 8:20:56 pm ==> 0
5/02/2021 8:20:56 pm ==> 0
5/02/2021 8:20:56 pm ==> 0
5/02/2021 8:20:56 pm ==> 0
5/02/2021 8:20:56 pm ==> 0
5/02/2021 8:20:56 pm ==> 0
5/02/2021 8:20:56 pm ==> 0
5/02/2021 8:20:56 pm ==> 0
5/02/2021 8:20:56 pm ==> 0
5/02/2021 8:21:06 pm ==> cd71d09f-ae00-4304-84b3-e0db25ee4fb4
5/02/2021 8:21:09 pm ==> 1
5/02/2021 8:21:26 pm ==> 1
5/02/2021 8:37:20 pm ==> 1
5/02/2021 8:37:44 pm ==> 1
5/02/2021 8:37:47 pm ==> 1
5/02/2021 8:37:48 pm ==> 1
5/02/2021 8:41:59 pm ==> Test
5/02/2021 8:41:59 pm ==> The end of the range is smaller than the start
5/02/2021 8:42:09 pm ==> 59880056-4f4b-4897-aec7-c72cf1f940aa
5/02/2021 8:42:13 pm ==> 1
5/02/2021 8:45:53 pm ==> 1
5/02/2021 8:46:06 pm ==> 1
5/02/2021 8:46:14 pm ==> 99f079f0-e70e-423c-bf56-9095837eeee3
5/02/2021 8:46:16 pm ==> 1
5/02/2021 8:54:30 pm ==> 1
