5/03/2021 6:43:55 pm ==> 0
5/03/2021 6:44:08 pm ==> fb2bd86d-0466-4472-b06e-6b6cb32d739d
5/03/2021 6:44:14 pm ==> 1
5/03/2021 6:44:27 pm ==> 1
5/03/2021 6:44:28 pm ==> 1
5/03/2021 6:44:30 pm ==> 1
5/03/2021 6:44:38 pm ==> 6dcca510-746c-413b-a8ca-1e29ab3cdca4
5/03/2021 6:44:40 pm ==> 1
5/03/2021 6:45:13 pm ==> 1
5/03/2021 6:45:31 pm ==> 1
5/03/2021 6:49:01 pm ==> 1
5/03/2021 6:55:42 pm ==> 0
5/03/2021 6:56:17 pm ==> 04f947e9-a3ca-4ddf-aa8b-0f13a801a291
5/03/2021 6:56:20 pm ==> 1
5/03/2021 7:04:46 pm ==> 0
5/03/2021 7:04:56 pm ==> c5fc283f-fd83-4d75-ad78-7c7d8915225b
5/03/2021 7:10:22 pm ==> 0
5/03/2021 7:19:14 pm ==> 0
5/03/2021 7:23:24 pm ==> 0
5/03/2021 7:28:37 pm ==> 0
5/03/2021 7:28:46 pm ==> 55030f1f-e2c5-4d32-855c-136eb6063810
5/03/2021 7:31:45 pm ==> 0
5/03/2021 7:32:02 pm ==> 4475914a-72d7-4f8f-b9b3-cd55f9ddc96f
5/03/2021 7:32:04 pm ==> 1
5/03/2021 7:32:07 pm ==> 1
5/03/2021 7:32:08 pm ==> 1
5/03/2021 7:33:34 pm ==> 0
5/03/2021 7:33:45 pm ==> aad346ca-b53d-419d-843a-f10a12d99984
5/03/2021 7:35:10 pm ==> 0
5/03/2021 7:35:18 pm ==> 71e4eb34-defd-4a91-ab0e-2fdfb1af05cf
5/03/2021 7:36:37 pm ==> 0
5/03/2021 7:36:47 pm ==> 3f28cbaa-b2be-4d71-8650-d167c2b3d3db
5/03/2021 7:38:23 pm ==> 0
5/03/2021 7:38:37 pm ==> 742cc50b-e57b-4c3f-b8e9-ff2075b4a694
5/03/2021 8:25:16 pm ==> 0
5/03/2021 8:26:37 pm ==> 582fc1fe-f575-482a-9586-7ebd70e0dd4d
5/03/2021 8:27:20 pm ==> 0
5/03/2021 8:28:40 pm ==> 63f2448f-5869-4570-82b0-df51ad015053
5/03/2021 8:28:43 pm ==> 1
5/03/2021 8:28:46 pm ==> 1
5/03/2021 10:37:19 pm ==> 0
5/03/2021 10:37:31 pm ==> ea6813a3-5ca3-4c4a-b7a5-9720e1b2ea52
5/03/2021 10:37:35 pm ==> 1
5/03/2021 10:57:04 pm ==> 0
5/03/2021 10:59:12 pm ==> edda8e81-38c7-4526-9932-344d09b0c4f2
5/03/2021 11:05:23 pm ==> 0
5/03/2021 11:06:06 pm ==> 0
5/03/2021 11:06:17 pm ==> 1429c770-46f2-40fb-8aa3-297e7700d382
5/03/2021 11:07:40 pm ==> 0
5/03/2021 11:07:57 pm ==> c46e7c2e-e8e4-45ee-abac-58a68d51f5c3
5/03/2021 11:09:07 pm ==> 0
5/03/2021 11:09:19 pm ==> 1d350e13-d373-49de-9b50-9c1811f9cc69
5/03/2021 11:10:25 pm ==> 0
5/03/2021 11:10:51 pm ==> 861c07ba-c563-4bd2-8f2e-b0acdcce37d8
5/03/2021 11:12:18 pm ==> 0
5/03/2021 11:12:27 pm ==> 605d1604-84f1-4b9b-9af9-a57a22eb0661
5/03/2021 11:13:29 pm ==> 0
5/03/2021 11:13:40 pm ==> c94860a1-cf77-499c-b4ba-b2f8888b9659
5/03/2021 11:14:58 pm ==> 0
5/03/2021 11:15:07 pm ==> 990a4dc7-a203-4203-8b90-ed60d5c513b0
5/03/2021 11:16:47 pm ==> 0
5/03/2021 11:16:59 pm ==> e23eb7a2-afc1-4a78-9a1f-2cda7b781a59
5/03/2021 11:18:00 pm ==> 0
5/03/2021 11:18:10 pm ==> 4583eba6-bba7-4b75-a8c9-0264b80ee3f1
5/03/2021 11:19:42 pm ==> 0
5/03/2021 11:19:49 pm ==> 0020b574-58cd-40b5-9564-deb0d13859a2
5/03/2021 11:20:43 pm ==> 0
5/03/2021 11:20:50 pm ==> 87d06c83-d65a-4af5-b0b6-94eb25770be8
5/03/2021 11:22:05 pm ==> 0
5/03/2021 11:22:15 pm ==> 0017a2d2-bc88-4335-a532-3c2332dbb93a
5/03/2021 11:25:36 pm ==> 0
5/03/2021 11:27:18 pm ==> cd2350be-93f6-461b-8721-d2600ef4ae82
5/03/2021 11:27:51 pm ==> 0
5/03/2021 11:29:51 pm ==> 0
5/03/2021 11:30:20 pm ==> 655de5d7-690e-4c3c-be2e-f7f5b77c0a88
5/03/2021 11:33:09 pm ==> 0
5/03/2021 11:33:18 pm ==> e9bf7bf1-7eff-4a0a-ba66-e6a6109615f8
5/03/2021 11:37:00 pm ==> 0
5/03/2021 11:37:10 pm ==> 51b41685-3b37-42de-8bf3-45b3add97410
5/03/2021 11:37:12 pm ==> 1
5/03/2021 11:40:41 pm ==> 0
5/03/2021 11:40:53 pm ==> cb544228-fe7d-41e7-8460-6ce696ab5c29
5/03/2021 11:42:24 pm ==> 0
5/03/2021 11:42:35 pm ==> 22e6256d-138c-46cd-bffd-fba38f80f064
5/03/2021 11:46:20 pm ==> 0
5/03/2021 11:46:29 pm ==> b73ba03b-f775-43be-9d9e-c476a0c189d6
5/03/2021 11:48:04 pm ==> 0
5/03/2021 11:48:19 pm ==> da49bae5-b2ae-4cb1-b018-ba21318342d0
5/03/2021 11:49:06 pm ==> 0
5/03/2021 11:49:17 pm ==> f94c83b2-4d31-49e1-841d-7c51b03dc16c
5/03/2021 11:51:05 pm ==> 0
5/03/2021 11:51:17 pm ==> 05bfaa4c-0cf0-47a9-ba46-44f32472636c
