9/02/2021 8:22:36 pm ==> Test
9/02/2021 8:22:36 pm ==> The end of the range is smaller than the start
9/02/2021 8:23:20 pm ==> Test
9/02/2021 8:23:20 pm ==> The end of the range is smaller than the start
9/02/2021 8:23:40 pm ==> Test
9/02/2021 8:23:40 pm ==> 47
9/02/2021 8:23:40 pm ==> 53
9/02/2021 8:23:40 pm ==> 59
9/02/2021 8:23:40 pm ==> 61
9/02/2021 8:23:40 pm ==> 67
9/02/2021 8:23:40 pm ==> 71
9/02/2021 8:23:40 pm ==> 73
9/02/2021 8:23:40 pm ==> 79
9/02/2021 8:23:40 pm ==> 83
9/02/2021 8:23:40 pm ==> 0
9/02/2021 8:23:40 pm ==> 0
9/02/2021 8:23:40 pm ==> 0
9/02/2021 8:23:40 pm ==> 0
9/02/2021 8:23:40 pm ==> 0
9/02/2021 8:23:40 pm ==> 0
9/02/2021 8:23:40 pm ==> 0
9/02/2021 8:23:40 pm ==> 0
9/02/2021 8:23:40 pm ==> 0
9/02/2021 8:23:40 pm ==> 0
9/02/2021 8:23:40 pm ==> 0
9/02/2021 8:23:40 pm ==> 0
9/02/2021 8:23:40 pm ==> 0
9/02/2021 8:23:40 pm ==> 0
9/02/2021 8:23:40 pm ==> 0
9/02/2021 8:23:40 pm ==> 0
9/02/2021 8:23:42 pm ==> Test
9/02/2021 8:23:42 pm ==> The end of the range is smaller than the start
9/02/2021 8:23:43 pm ==> Test
9/02/2021 8:23:43 pm ==> 61
9/02/2021 8:23:43 pm ==> 0
9/02/2021 8:23:43 pm ==> 0
9/02/2021 8:23:43 pm ==> 0
9/02/2021 8:23:43 pm ==> 0
9/02/2021 8:23:43 pm ==> 0
9/02/2021 8:23:43 pm ==> 0
9/02/2021 8:23:43 pm ==> 0
9/02/2021 8:23:43 pm ==> 0
9/02/2021 8:23:43 pm ==> 0
9/02/2021 8:23:43 pm ==> 0
9/02/2021 8:23:43 pm ==> 0
9/02/2021 8:23:43 pm ==> 0
9/02/2021 8:23:43 pm ==> 0
9/02/2021 8:23:43 pm ==> 0
9/02/2021 8:23:43 pm ==> 0
9/02/2021 8:23:43 pm ==> 0
9/02/2021 8:23:43 pm ==> 0
9/02/2021 8:23:43 pm ==> 0
9/02/2021 8:23:43 pm ==> 0
9/02/2021 8:23:43 pm ==> 0
9/02/2021 8:23:43 pm ==> 0
9/02/2021 8:23:43 pm ==> 0
9/02/2021 8:23:43 pm ==> 0
9/02/2021 8:23:43 pm ==> 0
9/02/2021 8:24:03 pm ==> Test
9/02/2021 8:24:03 pm ==> The end of the range is smaller than the start
9/02/2021 8:24:04 pm ==> Test
9/02/2021 8:24:04 pm ==> The end of the range is smaller than the start
9/02/2021 8:24:05 pm ==> Test
9/02/2021 8:24:05 pm ==> 5
9/02/2021 8:24:05 pm ==> 7
9/02/2021 8:24:05 pm ==> 11
9/02/2021 8:24:05 pm ==> 13
9/02/2021 8:24:05 pm ==> 17
9/02/2021 8:24:05 pm ==> 19
9/02/2021 8:24:05 pm ==> 23
9/02/2021 8:24:05 pm ==> 29
9/02/2021 8:24:05 pm ==> 31
9/02/2021 8:24:05 pm ==> 37
9/02/2021 8:24:05 pm ==> 41
9/02/2021 8:24:05 pm ==> 43
9/02/2021 8:24:05 pm ==> 47
9/02/2021 8:24:05 pm ==> 53
9/02/2021 8:24:05 pm ==> 59
9/02/2021 8:24:05 pm ==> 0
9/02/2021 8:24:05 pm ==> 0
9/02/2021 8:24:05 pm ==> 0
9/02/2021 8:24:05 pm ==> 0
9/02/2021 8:24:05 pm ==> 0
9/02/2021 8:24:05 pm ==> 0
9/02/2021 8:24:05 pm ==> 0
9/02/2021 8:24:05 pm ==> 0
9/02/2021 8:24:05 pm ==> 0
9/02/2021 8:24:05 pm ==> 0
9/02/2021 8:28:39 pm ==> Test
9/02/2021 8:28:39 pm ==> 41
9/02/2021 8:28:39 pm ==> 43
9/02/2021 8:28:39 pm ==> 47
9/02/2021 8:28:39 pm ==> 53
9/02/2021 8:28:39 pm ==> 59
9/02/2021 8:28:39 pm ==> 61
9/02/2021 8:28:39 pm ==> 0
9/02/2021 8:28:39 pm ==> 0
9/02/2021 8:28:39 pm ==> 0
9/02/2021 8:28:39 pm ==> 0
9/02/2021 8:28:39 pm ==> 0
9/02/2021 8:28:39 pm ==> 0
9/02/2021 8:28:39 pm ==> 0
9/02/2021 8:28:39 pm ==> 0
9/02/2021 8:28:39 pm ==> 0
9/02/2021 8:28:39 pm ==> 0
9/02/2021 8:28:39 pm ==> 0
9/02/2021 8:28:39 pm ==> 0
9/02/2021 8:28:39 pm ==> 0
9/02/2021 8:28:39 pm ==> 0
9/02/2021 8:28:39 pm ==> 0
9/02/2021 8:28:39 pm ==> 0
9/02/2021 8:28:39 pm ==> 0
9/02/2021 8:28:39 pm ==> 0
9/02/2021 8:28:39 pm ==> 0
9/02/2021 8:28:53 pm ==> f8bac0d1-b569-4445-9977-3a8aefd069a1
9/02/2021 8:33:04 pm ==> Test
9/02/2021 8:33:04 pm ==> The end of the range is smaller than the start
9/02/2021 8:33:13 pm ==> c8fac287-f72f-4e42-9065-a6db4b3ae3fe
9/02/2021 8:33:17 pm ==> 1
9/02/2021 8:33:32 pm ==> ae93b5ef-216b-4529-8564-e16ca623b095
9/02/2021 8:37:23 pm ==> Test
9/02/2021 8:37:23 pm ==> The end of the range is smaller than the start
9/02/2021 8:37:36 pm ==> 49999da3-b48e-46ed-b21c-1fbbf5bca98f
9/02/2021 8:40:20 pm ==> Test
9/02/2021 8:40:20 pm ==> The end of the range is smaller than the start
9/02/2021 8:40:30 pm ==> 047d7853-884b-4818-b1ae-fdace80c4e49
9/02/2021 8:44:03 pm ==> Test
9/02/2021 8:44:03 pm ==> 47
9/02/2021 8:44:03 pm ==> 53
9/02/2021 8:44:03 pm ==> 59
9/02/2021 8:44:03 pm ==> 0
9/02/2021 8:44:03 pm ==> 0
9/02/2021 8:44:03 pm ==> 0
9/02/2021 8:44:03 pm ==> 0
9/02/2021 8:44:03 pm ==> 0
9/02/2021 8:44:03 pm ==> 0
9/02/2021 8:44:03 pm ==> 0
9/02/2021 8:44:03 pm ==> 0
9/02/2021 8:44:03 pm ==> 0
9/02/2021 8:44:03 pm ==> 0
9/02/2021 8:44:03 pm ==> 0
9/02/2021 8:44:03 pm ==> 0
9/02/2021 8:44:03 pm ==> 0
9/02/2021 8:44:03 pm ==> 0
9/02/2021 8:44:03 pm ==> 0
9/02/2021 8:44:03 pm ==> 0
9/02/2021 8:44:03 pm ==> 0
9/02/2021 8:44:03 pm ==> 0
9/02/2021 8:44:03 pm ==> 0
9/02/2021 8:44:03 pm ==> 0
9/02/2021 8:44:03 pm ==> 0
9/02/2021 8:44:03 pm ==> 0
9/02/2021 8:44:47 pm ==> 9c7b6638-15b7-48a5-8f6b-aab75aaafd13
9/02/2021 8:48:23 pm ==> Test
9/02/2021 8:48:23 pm ==> 71
9/02/2021 8:48:23 pm ==> 73
9/02/2021 8:48:23 pm ==> 79
9/02/2021 8:48:23 pm ==> 0
9/02/2021 8:48:23 pm ==> 0
9/02/2021 8:48:23 pm ==> 0
9/02/2021 8:48:23 pm ==> 0
9/02/2021 8:48:23 pm ==> 0
9/02/2021 8:48:23 pm ==> 0
9/02/2021 8:48:23 pm ==> 0
9/02/2021 8:48:23 pm ==> 0
9/02/2021 8:48:23 pm ==> 0
9/02/2021 8:48:23 pm ==> 0
9/02/2021 8:48:23 pm ==> 0
9/02/2021 8:48:23 pm ==> 0
9/02/2021 8:48:23 pm ==> 0
9/02/2021 8:48:23 pm ==> 0
9/02/2021 8:48:23 pm ==> 0
9/02/2021 8:48:23 pm ==> 0
9/02/2021 8:48:23 pm ==> 0
9/02/2021 8:48:23 pm ==> 0
9/02/2021 8:48:23 pm ==> 0
9/02/2021 8:48:23 pm ==> 0
9/02/2021 8:48:23 pm ==> 0
9/02/2021 8:48:23 pm ==> 0
9/02/2021 8:48:39 pm ==> 2848905d-ab5d-4283-b56a-5fc028a20c9a
9/02/2021 8:53:55 pm ==> 63dd5ffa-a334-4fc9-b211-91a93a0d1369
9/02/2021 8:53:57 pm ==> 1
9/02/2021 8:54:30 pm ==> 1
9/02/2021 8:55:04 pm ==> 1
9/02/2021 8:55:31 pm ==> 1
9/02/2021 8:57:06 pm ==> Test
9/02/2021 8:57:06 pm ==> 2
9/02/2021 8:57:06 pm ==> 3
9/02/2021 8:57:06 pm ==> 0
9/02/2021 8:57:06 pm ==> 0
9/02/2021 8:57:06 pm ==> 0
9/02/2021 8:57:06 pm ==> 0
9/02/2021 8:57:06 pm ==> 0
9/02/2021 8:57:06 pm ==> 0
9/02/2021 8:57:06 pm ==> 0
9/02/2021 8:57:06 pm ==> 0
9/02/2021 8:57:06 pm ==> 0
9/02/2021 8:57:06 pm ==> 0
9/02/2021 8:57:06 pm ==> 0
9/02/2021 8:57:06 pm ==> 0
9/02/2021 8:57:06 pm ==> 0
9/02/2021 8:57:06 pm ==> 0
9/02/2021 8:57:06 pm ==> 0
9/02/2021 8:57:06 pm ==> 0
9/02/2021 8:57:06 pm ==> 0
9/02/2021 8:57:06 pm ==> 0
9/02/2021 8:57:06 pm ==> 0
9/02/2021 8:57:06 pm ==> 0
9/02/2021 8:57:06 pm ==> 0
9/02/2021 8:57:06 pm ==> 0
9/02/2021 8:57:06 pm ==> 0
9/02/2021 8:57:17 pm ==> 0bb013d3-6367-4daa-a729-55e9f730e563
9/02/2021 8:57:43 pm ==> 1
9/02/2021 8:57:52 pm ==> 1
9/02/2021 8:58:07 pm ==> 1
9/02/2021 8:58:46 pm ==> 1
9/02/2021 8:58:47 pm ==> 1
9/02/2021 8:59:15 pm ==> 1
9/02/2021 8:59:18 pm ==> 1
9/02/2021 8:59:19 pm ==> 1
9/02/2021 9:10:24 pm ==> Test
9/02/2021 9:10:24 pm ==> The end of the range is smaller than the start
9/02/2021 9:10:37 pm ==> 3584eba5-feaa-40b8-8ddd-302d99f355c9
9/02/2021 9:10:42 pm ==> 1
9/02/2021 9:13:09 pm ==> Test
9/02/2021 9:13:09 pm ==> 41
9/02/2021 9:13:09 pm ==> 43
9/02/2021 9:13:09 pm ==> 47
9/02/2021 9:13:09 pm ==> 53
9/02/2021 9:13:09 pm ==> 0
9/02/2021 9:13:09 pm ==> 0
9/02/2021 9:13:09 pm ==> 0
9/02/2021 9:13:09 pm ==> 0
9/02/2021 9:13:09 pm ==> 0
9/02/2021 9:13:09 pm ==> 0
9/02/2021 9:13:09 pm ==> 0
9/02/2021 9:13:09 pm ==> 0
9/02/2021 9:13:09 pm ==> 0
9/02/2021 9:13:09 pm ==> 0
9/02/2021 9:13:09 pm ==> 0
9/02/2021 9:13:09 pm ==> 0
9/02/2021 9:13:09 pm ==> 0
9/02/2021 9:13:09 pm ==> 0
9/02/2021 9:13:09 pm ==> 0
9/02/2021 9:13:09 pm ==> 0
9/02/2021 9:13:09 pm ==> 0
9/02/2021 9:13:09 pm ==> 0
9/02/2021 9:13:09 pm ==> 0
9/02/2021 9:13:09 pm ==> 0
9/02/2021 9:13:09 pm ==> 0
9/02/2021 9:13:21 pm ==> 704e65dd-7b88-4085-a707-c597a85ab473
9/02/2021 9:20:15 pm ==> Test
9/02/2021 9:20:15 pm ==> 37
9/02/2021 9:20:15 pm ==> 41
9/02/2021 9:20:15 pm ==> 43
9/02/2021 9:20:15 pm ==> 47
9/02/2021 9:20:15 pm ==> 53
9/02/2021 9:20:15 pm ==> 0
9/02/2021 9:20:15 pm ==> 0
9/02/2021 9:20:15 pm ==> 0
9/02/2021 9:20:15 pm ==> 0
9/02/2021 9:20:15 pm ==> 0
9/02/2021 9:20:15 pm ==> 0
9/02/2021 9:20:15 pm ==> 0
9/02/2021 9:20:15 pm ==> 0
9/02/2021 9:20:15 pm ==> 0
9/02/2021 9:20:15 pm ==> 0
9/02/2021 9:20:15 pm ==> 0
9/02/2021 9:20:15 pm ==> 0
9/02/2021 9:20:15 pm ==> 0
9/02/2021 9:20:15 pm ==> 0
9/02/2021 9:20:15 pm ==> 0
9/02/2021 9:20:15 pm ==> 0
9/02/2021 9:20:15 pm ==> 0
9/02/2021 9:20:15 pm ==> 0
9/02/2021 9:20:15 pm ==> 0
9/02/2021 9:20:15 pm ==> 0
9/02/2021 9:20:26 pm ==> da90dacf-15dd-4bc7-aa5f-c3bea32144d9
9/02/2021 9:27:58 pm ==> Test
9/02/2021 9:27:58 pm ==> The end of the range is smaller than the start
